
-------------------------------------------------------------------
[Downloader2] Loaded configuration: normal
[Downloader2] Files in queue 1
[Downloader2] Starting download 1 files...
[D#1] >  http://res.tlauncher.org/b/client/jre/windows/jre-8u281-windows-x64.zip 
rename from C:\Users\servidor\AppData\Roaming\.tlauncher\jvms\jre1.8.0_281_temp to C:\Users\servidor\AppData\Roaming\.tlauncher\jvms\jre1.8.0_281
[Bootstrapper] createLauncher
[Bootstrapper] choose jvm:C:\Users\servidor\AppData\Roaming\.tlauncher\jvms\jre1.8.0_281\bin\javaw.exe
[Bootstrapper] validate files
[Bootstrapper] end validated files
[Bootstrapper] Starting launcher...
[Double running] clear time label
> Loading configuration from file: C:\Users\servidor\AppData\Roaming\.tlauncher\tlauncher-2.0.properties
> [Configuration] Constant values: {}
> [Configuration] Key "minecraft.versions.release" is invalid!
> [Configuration] Key "minecraft.versions.sub.old_release" is invalid!
> [Configuration] Key "minecraft.onlaunch" is invalid!
> [Configuration] Key "gui.notice.ad_server" is invalid!
> [Configuration] Key "gui.notice.ad_other" is invalid!
> [Configuration] Key "gui.settings.servers.recommendation" is invalid!
> [Configuration] Key "minecraft.gamedir" is invalid!
> [Configuration] Key "gui.statistics.checkbox" is invalid!
> [Configuration] Key "minecraft.versions.sub.remote" is invalid!
> [Configuration] Key "gui.console.width" is invalid!
> [Configuration] Key "gui.console.height" is invalid!
> [Configuration] Key "minecraft.versions.modified" is invalid!
> [Configuration] Key "gui.console.x" is invalid!
> [Configuration] Key "gui.settings.guard.checkbox" is invalid!
> [Configuration] Key "minecraft.memory.ram2" is invalid!
> [Configuration] Key "gui.console.y" is invalid!
> [Configuration] Key "gui.console" is invalid!
> [Configuration] Key "minecraft.size" is invalid!
> [Configuration] Key "client" is invalid!
> [Configuration] Key "connection" is invalid!
> [Configuration] Key "minecraft.fullscreen" is invalid!
> [Configuration] Key "gui.notice.ad_youtube" is invalid!
> [Configuration] Selected locale is not supported, rolling back to default one
> [Loading] INITIALIZING
> Starting TLauncher 2.83 RELEASE
> For more information, visit https://tlauncher.org/
> Startup time: nov 30, 2021 4:08:09 p.m.
> Running folder C:\Users\servidor\Downloads
> ---
> [Loading] LOADING_CONFIGURATION
> Machine info: -------------------------------------------------------
> Windows 10 10.0, Java 1.8.0_281, jvm bit x64, 8191 MB RAM
> java path=C:\Users\servidor\AppData\Roaming\.tlauncher\jvms\jre1.8.0_281\bin\javaw.exe
> -------------------------------------------------------
> Selected locale: es_ES
> [Loading] LOADING_CONSOLE
> [Downloader2] Loaded configuration: good
> [Updater] Requesting an update...
> [Updater] Requesting from: http://repo.tlauncher.org/update/lch/update_2.0.json
> [Updater] Making request: http://repo.tlauncher.org/update/lch/update_2.0.json?version=2.83&client=2521bb4f-2bad-4a67-be3e-4688d97bb07f
> [Browser] Loading resources...
> [Updater] Request time: 537 ms
> [Updater] Successfully requested from: http://repo.tlauncher.org/update/lch/update_2.0.json
> [Browser] Loading background...
> [Browser] Cleaning up after loading:
> Starting garbage collector: 44 / 109 MB
> Garbage collector completed: 18 / 149 MB
> [Loading] LOADING_MANAGERS
> [LocalVersionList] Base directory: C:\Users\servidor\AppData\Roaming\.minecraft
> [ProfileManager] Refreshing profiles from: C:\Users\servidor\AppData\Roaming\.minecraft\TlauncherProfiles.json
> [ProfileManager] file not found C:\Users\servidor\AppData\Roaming\.minecraft\TlauncherProfiles.json
> [AdvertisingStatusObserver]  started to get ad information
> [AdvertisingStatusObserver]  finished to get add information
> save profiles
> [GsonUtil]  request to http://repo.tlauncher.org/update/downloads/libraries/org/tlauncher/authlib/libraries-1.7.json
> [Loading] LOADING_WINDOW
> [REPO][SERVER_LIST_REPO] Success: Reached the repo in 116 ms.
> [JFXStartPageLoader]  start load page: https://page.tlauncher.org/update/downloads/configs/client/index_es.htm
> [Browser] Running in JavaFX Thread
> [Browser] Preparing JavaFX...
> [Browser] Initializing...
> [Swing] Favicons loaded: 256px, 128px, 96px, 64px, 48px, 32px, 24px, 16px
> [Loading] PREPARING_MAINPANE
> [JFXStartPageLoader]  succeeded load page: https://page.tlauncher.org/update/downloads/configs/client/index_es.htm during 2
> [Browser@718149939] Loaded successfully: "https://page.tlauncher.org/update/downloads/configs/client/index_es.htm"
> [Browser] add listens into server_choose
> [Browser] finished listens into server_choose
> [Downloader2] Loaded configuration: good
> [Loading] POSTINIT_GUI
> [Frame] Packing main frame...
> [Frame] Resizing main pane...
> Updater is already closed. Showing up...
> Visibility set.
> [Loading] REFRESHING_INFO
> Started! (7768 ms.)
> [Loading] SUCCESS
[Bootstrapper] I can be terminated now: 0
