
-------------------------------------------------------------------
[Downloader2] Loaded configuration: normal
[Bootstrapper] createLauncher
[Bootstrapper] choose jvm:C:\Users\servidor\AppData\Roaming\.tlauncher\jvms\jre1.8.0_281\bin\javaw.exe
[Bootstrapper] validate files
[Bootstrapper] end validated files
[Bootstrapper] Starting launcher...
[Double running] clear time label
> Loading configuration from file: C:\Users\servidor\AppData\Roaming\.tlauncher\tlauncher-2.0.properties
> [Configuration] Constant values: {}
> [Loading] INITIALIZING
> Starting TLauncher 2.83 RELEASE
> For more information, visit https://tlauncher.org/
> Startup time: dic 3, 2021 7:50:02 p.m.
> Running folder C:\Users\servidor\AppData\Roaming\.minecraft
> ---
> [Loading] LOADING_CONFIGURATION
> Machine info: -------------------------------------------------------
> Windows 10 10.0, Java 1.8.0_281, jvm bit x64, 8191 MB RAM
> java path=C:\Users\servidor\AppData\Roaming\.tlauncher\jvms\jre1.8.0_281\bin\javaw.exe
> AMD Phenom(tm) II X2 560 Processor
>  AMD Radeon HD 5450, AMD Radeon Graphics Processor (0x68F9), 5874 MB
> -------------------------------------------------------
> Selected locale: es_ES
> [Loading] LOADING_CONSOLE
> [Downloader2] Loaded configuration: good
> [Updater] Requesting an update...
> [Updater] Requesting from: http://repo.tlauncher.org/update/lch/update_2.0.json
> [Updater] Making request: http://repo.tlauncher.org/update/lch/update_2.0.json?version=2.83&client=2521bb4f-2bad-4a67-be3e-4688d97bb07f
> [Updater] Failed to request from: http://repo.tlauncher.org/update/lch/update_2.0.json
> java.net.UnknownHostException: repo.tlauncher.org
> at java.net.AbstractPlainSocketImpl.connect(AbstractPlainSocketImpl.java:196)
> at java.net.PlainSocketImpl.connect(PlainSocketImpl.java:162)
> at java.net.SocksSocketImpl.connect(SocksSocketImpl.java:394)
> at java.net.Socket.connect(Socket.java:606)
> at sun.net.NetworkClient.doConnect(NetworkClient.java:175)
> at sun.net.www.http.HttpClient.openServer(HttpClient.java:463)
> at sun.net.www.http.HttpClient.openServer(HttpClient.java:558)
> at sun.net.www.http.HttpClient.<init>(HttpClient.java:242)
> at sun.net.www.http.HttpClient.New(HttpClient.java:339)
> at sun.net.www.http.HttpClient.New(HttpClient.java:357)
> at sun.net.www.protocol.http.HttpURLConnection.getNewHttpClient(HttpURLConnection.java:1226)
> at sun.net.www.protocol.http.HttpURLConnection.plainConnect0(HttpURLConnection.java:1205)
> at sun.net.www.protocol.http.HttpURLConnection.plainConnect(HttpURLConnection.java:1056)
> at sun.net.www.protocol.http.HttpURLConnection.connect(HttpURLConnection.java:990)
> at sun.net.www.protocol.http.HttpURLConnection.getInputStream0(HttpURLConnection.java:1570)
> at sun.net.www.protocol.http.HttpURLConnection.getInputStream(HttpURLConnection.java:1498)
> at org.tlauncher.tlauncher.updater.client.Updater.findUpdate0(Updater.java:54)
> at org.tlauncher.tlauncher.updater.client.AutoUpdater.findUpdate0(AutoUpdater.java:84)
> at org.tlauncher.tlauncher.updater.client.Updater.findUpdate(Updater.java:82)
> at org.tlauncher.tlauncher.updater.client.Updater.lambda$asyncFindUpdate$0(Updater.java:92)
> at java.util.concurrent.ThreadPoolExecutor.runWorker(ThreadPoolExecutor.java:1149)
> at java.util.concurrent.ThreadPoolExecutor$Worker.run(ThreadPoolExecutor.java:624)
> at org.tlauncher.util.async.RunnableThread.run(RunnableThread.java:15)
> Thread called by: org.tlauncher.util.async.ExtendedThread$ExtendedThreadCaller
> at org.tlauncher.util.async.ExtendedThread.<init>(ExtendedThread.java:17)
> at org.tlauncher.util.async.ExtendedThread.<init>(ExtendedThread.java:21)
> at org.tlauncher.util.async.RunnableThread.<init>(RunnableThread.java:7)
> at org.tlauncher.util.async.AsyncThread$1.newThread(AsyncThread.java:12)
> at java.util.concurrent.ThreadPoolExecutor$Worker.<init>(ThreadPoolExecutor.java:619)
> at java.util.concurrent.ThreadPoolExecutor.addWorker(ThreadPoolExecutor.java:932)
> at java.util.concurrent.ThreadPoolExecutor.execute(ThreadPoolExecutor.java:1378)
> at org.tlauncher.util.async.AsyncThread.execute(AsyncThread.java:17)
> at org.tlauncher.tlauncher.updater.client.Updater.asyncFindUpdate(Updater.java:92)
> at org.tlauncher.tlauncher.rmo.TLauncher.<init>(TLauncher.java:161)
> at org.tlauncher.tlauncher.rmo.TLauncher$$FastClassByGuice$$7106277c.newInstance(<generated>)
> at com.google.inject.internal.DefaultConstructionProxyFactory$FastClassProxy.newInstance(DefaultConstructionProxyFactory.java:89)
> at com.google.inject.internal.ConstructorInjector.provision(ConstructorInjector.java:111)
> at com.google.inject.internal.ConstructorInjector.construct(ConstructorInjector.java:90)
> at com.google.inject.internal.ConstructorBindingImpl$Factory.get(ConstructorBindingImpl.java:268)
> at com.google.inject.internal.InjectorImpl$2$1.call(InjectorImpl.java:1019)
> at com.google.inject.internal.InjectorImpl.callInContext(InjectorImpl.java:1092)
> at com.google.inject.internal.InjectorImpl$2.get(InjectorImpl.java:1015)
> at com.google.inject.assistedinject.FactoryProvider2.invoke(FactoryProvider2.java:776)
> at com.sun.proxy.$Proxy9.create(Unknown Source)
> at org.tlauncher.util.guice.GuiceModule.getTlauncher(GuiceModule.java:127)
> at org.tlauncher.util.guice.GuiceModule$$FastClassByGuice$$58e5bf0.invoke(<generated>)
> ... and 14 more
> 
> [Updater] Request time: 14 ms
> [Updater] Requesting from: https://tlauncher.org/repo/update/lch/update_2.0.json
> [Updater] Making request: https://tlauncher.org/repo/update/lch/update_2.0.json?version=2.83&client=2521bb4f-2bad-4a67-be3e-4688d97bb07f
> [Updater] Failed to request from: https://tlauncher.org/repo/update/lch/update_2.0.json
> java.net.UnknownHostException: tlauncher.org
> at java.net.AbstractPlainSocketImpl.connect(AbstractPlainSocketImpl.java:196)
> at java.net.PlainSocketImpl.connect(PlainSocketImpl.java:162)
> at java.net.SocksSocketImpl.connect(SocksSocketImpl.java:394)
> at java.net.Socket.connect(Socket.java:606)
> at sun.security.ssl.SSLSocketImpl.connect(SSLSocketImpl.java:287)
> at sun.net.NetworkClient.doConnect(NetworkClient.java:175)
> at sun.net.www.http.HttpClient.openServer(HttpClient.java:463)
> at sun.net.www.http.HttpClient.openServer(HttpClient.java:558)
> at sun.net.www.protocol.https.HttpsClient.<init>(HttpsClient.java:292)
> at sun.net.www.protocol.https.HttpsClient.New(HttpsClient.java:395)
> at sun.net.www.protocol.https.AbstractDelegateHttpsURLConnection.getNewHttpClient(AbstractDelegateHttpsURLConnection.java:191)
> at sun.net.www.protocol.http.HttpURLConnection.plainConnect0(HttpURLConnection.java:1205)
> at sun.net.www.protocol.http.HttpURLConnection.plainConnect(HttpURLConnection.java:1056)
> at sun.net.www.protocol.https.AbstractDelegateHttpsURLConnection.connect(AbstractDelegateHttpsURLConnection.java:177)
> at sun.net.www.protocol.http.HttpURLConnection.getInputStream0(HttpURLConnection.java:1570)
> at sun.net.www.protocol.http.HttpURLConnection.getInputStream(HttpURLConnection.java:1498)
> at sun.net.www.protocol.https.HttpsURLConnectionImpl.getInputStream(HttpsURLConnectionImpl.java:268)
> at org.tlauncher.tlauncher.updater.client.Updater.findUpdate0(Updater.java:54)
> at org.tlauncher.tlauncher.updater.client.AutoUpdater.findUpdate0(AutoUpdater.java:84)
> at org.tlauncher.tlauncher.updater.client.Updater.findUpdate(Updater.java:82)
> at org.tlauncher.tlauncher.updater.client.Updater.lambda$asyncFindUpdate$0(Updater.java:92)
> at java.util.concurrent.ThreadPoolExecutor.runWorker(ThreadPoolExecutor.java:1149)
> at java.util.concurrent.ThreadPoolExecutor$Worker.run(ThreadPoolExecutor.java:624)
> at org.tlauncher.util.async.RunnableThread.run(RunnableThread.java:15)
> Thread called by: org.tlauncher.util.async.ExtendedThread$ExtendedThreadCaller
> at org.tlauncher.util.async.ExtendedThread.<init>(ExtendedThread.java:17)
> at org.tlauncher.util.async.ExtendedThread.<init>(ExtendedThread.java:21)
> at org.tlauncher.util.async.RunnableThread.<init>(RunnableThread.java:7)
> at org.tlauncher.util.async.AsyncThread$1.newThread(AsyncThread.java:12)
> at java.util.concurrent.ThreadPoolExecutor$Worker.<init>(ThreadPoolExecutor.java:619)
> at java.util.concurrent.ThreadPoolExecutor.addWorker(ThreadPoolExecutor.java:932)
> at java.util.concurrent.ThreadPoolExecutor.execute(ThreadPoolExecutor.java:1378)
> at org.tlauncher.util.async.AsyncThread.execute(AsyncThread.java:17)
> at org.tlauncher.tlauncher.updater.client.Updater.asyncFindUpdate(Updater.java:92)
> at org.tlauncher.tlauncher.rmo.TLauncher.<init>(TLauncher.java:161)
> at org.tlauncher.tlauncher.rmo.TLauncher$$FastClassByGuice$$7106277c.newInstance(<generated>)
> at com.google.inject.internal.DefaultConstructionProxyFactory$FastClassProxy.newInstance(DefaultConstructionProxyFactory.java:89)
> at com.google.inject.internal.ConstructorInjector.provision(ConstructorInjector.java:111)
> at com.google.inject.internal.ConstructorInjector.construct(ConstructorInjector.java:90)
> at com.google.inject.internal.ConstructorBindingImpl$Factory.get(ConstructorBindingImpl.java:268)
> at com.google.inject.internal.InjectorImpl$2$1.call(InjectorImpl.java:1019)
> at com.google.inject.internal.InjectorImpl.callInContext(InjectorImpl.java:1092)
> at com.google.inject.internal.InjectorImpl$2.get(InjectorImpl.java:1015)
> at com.google.inject.assistedinject.FactoryProvider2.invoke(FactoryProvider2.java:776)
> at com.sun.proxy.$Proxy9.create(Unknown Source)
> at org.tlauncher.util.guice.GuiceModule.getTlauncher(GuiceModule.java:127)
> at org.tlauncher.util.guice.GuiceModule$$FastClassByGuice$$58e5bf0.invoke(<generated>)
> ... and 14 more
> 
> [Updater] Request time: 18 ms
> [Updater] Requesting from: http://advancedrepository.com/update/lch/update_2.0.json
> [Updater] Making request: http://advancedrepository.com/update/lch/update_2.0.json?version=2.83&client=2521bb4f-2bad-4a67-be3e-4688d97bb07f
> [Updater] Failed to request from: http://advancedrepository.com/update/lch/update_2.0.json
> java.net.UnknownHostException: advancedrepository.com
> at java.net.AbstractPlainSocketImpl.connect(AbstractPlainSocketImpl.java:196)
> at java.net.PlainSocketImpl.connect(PlainSocketImpl.java:162)
> at java.net.SocksSocketImpl.connect(SocksSocketImpl.java:394)
> at java.net.Socket.connect(Socket.java:606)
> at sun.net.NetworkClient.doConnect(NetworkClient.java:175)
> at sun.net.www.http.HttpClient.openServer(HttpClient.java:463)
> at sun.net.www.http.HttpClient.openServer(HttpClient.java:558)
> at sun.net.www.http.HttpClient.<init>(HttpClient.java:242)
> at sun.net.www.http.HttpClient.New(HttpClient.java:339)
> at sun.net.www.http.HttpClient.New(HttpClient.java:357)
> at sun.net.www.protocol.http.HttpURLConnection.getNewHttpClient(HttpURLConnection.java:1226)
> at sun.net.www.protocol.http.HttpURLConnection.plainConnect0(HttpURLConnection.java:1205)
> at sun.net.www.protocol.http.HttpURLConnection.plainConnect(HttpURLConnection.java:1056)
> at sun.net.www.protocol.http.HttpURLConnection.connect(HttpURLConnection.java:990)
> at sun.net.www.protocol.http.HttpURLConnection.getInputStream0(HttpURLConnection.java:1570)
> at sun.net.www.protocol.http.HttpURLConnection.getInputStream(HttpURLConnection.java:1498)
> at org.tlauncher.tlauncher.updater.client.Updater.findUpdate0(Updater.java:54)
> at org.tlauncher.tlauncher.updater.client.AutoUpdater.findUpdate0(AutoUpdater.java:84)
> at org.tlauncher.tlauncher.updater.client.Updater.findUpdate(Updater.java:82)
> at org.tlauncher.tlauncher.updater.client.Updater.lambda$asyncFindUpdate$0(Updater.java:92)
> at java.util.concurrent.ThreadPoolExecutor.runWorker(ThreadPoolExecutor.java:1149)
> at java.util.concurrent.ThreadPoolExecutor$Worker.run(ThreadPoolExecutor.java:624)
> at org.tlauncher.util.async.RunnableThread.run(RunnableThread.java:15)
> Thread called by: org.tlauncher.util.async.ExtendedThread$ExtendedThreadCaller
> at org.tlauncher.util.async.ExtendedThread.<init>(ExtendedThread.java:17)
> at org.tlauncher.util.async.ExtendedThread.<init>(ExtendedThread.java:21)
> at org.tlauncher.util.async.RunnableThread.<init>(RunnableThread.java:7)
> at org.tlauncher.util.async.AsyncThread$1.newThread(AsyncThread.java:12)
> at java.util.concurrent.ThreadPoolExecutor$Worker.<init>(ThreadPoolExecutor.java:619)
> at java.util.concurrent.ThreadPoolExecutor.addWorker(ThreadPoolExecutor.java:932)
> at java.util.concurrent.ThreadPoolExecutor.execute(ThreadPoolExecutor.java:1378)
> at org.tlauncher.util.async.AsyncThread.execute(AsyncThread.java:17)
> at org.tlauncher.tlauncher.updater.client.Updater.asyncFindUpdate(Updater.java:92)
> at org.tlauncher.tlauncher.rmo.TLauncher.<init>(TLauncher.java:161)
> at org.tlauncher.tlauncher.rmo.TLauncher$$FastClassByGuice$$7106277c.newInstance(<generated>)
> at com.google.inject.internal.DefaultConstructionProxyFactory$FastClassProxy.newInstance(DefaultConstructionProxyFactory.java:89)
> at com.google.inject.internal.ConstructorInjector.provision(ConstructorInjector.java:111)
> at com.google.inject.internal.ConstructorInjector.construct(ConstructorInjector.java:90)
> at com.google.inject.internal.ConstructorBindingImpl$Factory.get(ConstructorBindingImpl.java:268)
> at com.google.inject.internal.InjectorImpl$2$1.call(InjectorImpl.java:1019)
> at com.google.inject.internal.InjectorImpl.callInContext(InjectorImpl.java:1092)
> at com.google.inject.internal.InjectorImpl$2.get(InjectorImpl.java:1015)
> at com.google.inject.assistedinject.FactoryProvider2.invoke(FactoryProvider2.java:776)
> at com.sun.proxy.$Proxy9.create(Unknown Source)
> at org.tlauncher.util.guice.GuiceModule.getTlauncher(GuiceModule.java:127)
> at org.tlauncher.util.guice.GuiceModule$$FastClassByGuice$$58e5bf0.invoke(<generated>)
> ... and 14 more
> 
> [Updater] Request time: 1 ms
> [Browser] Loading resources...
> [Browser] Loading background...
> [Browser] Cleaning up after loading:
> Starting garbage collector: 36 / 108 MB
> Garbage collector completed: 18 / 150 MB
> [Loading] LOADING_MANAGERS
> [LocalVersionList] Base directory: C:\Users\servidor\AppData\Roaming\.minecraft
> [ProfileManager] Refreshing profiles from: C:\Users\servidor\AppData\Roaming\.minecraft\TlauncherProfiles.json
> [AdvertisingStatusObserver]  started to get ad information
> [AdvertisingStatusObserver]  finished to get add information
> save profiles
> [GsonUtil]  request to http://repo.tlauncher.org/update/downloads/libraries/org/tlauncher/authlib/libraries-1.7.json
> [GsonUtil]  request to https://tlauncher.org/repo/update/downloads/libraries/org/tlauncher/authlib/libraries-1.7.json
> [GsonUtil]  request to http://advancedrepository.com/update/downloads/libraries/org/tlauncher/authlib/libraries-1.7.json
> [TLauncherManager] Failed to refresh TLancher manager
> java.io.IOException: couldn't download 
> at org.tlauncher.util.gson.DownloadUtil.readTextByKey(DownloadUtil.java:82)
> at org.tlauncher.util.gson.DownloadUtil.loadObjectByKey(DownloadUtil.java:38)
> at org.tlauncher.tlauncher.managers.TLauncherManager.refresh(TLauncherManager.java:117)
> at java.util.concurrent.ThreadPoolExecutor.runWorker(ThreadPoolExecutor.java:1149)
> at java.util.concurrent.ThreadPoolExecutor$Worker.run(ThreadPoolExecutor.java:624)
> at org.tlauncher.util.async.RunnableThread.run(RunnableThread.java:15)
> Caused by: java.net.UnknownHostException: advancedrepository.com
> at sun.reflect.NativeConstructorAccessorImpl.newInstance0(Native Method)
> at sun.reflect.NativeConstructorAccessorImpl.newInstance(NativeConstructorAccessorImpl.java:62)
> at sun.reflect.DelegatingConstructorAccessorImpl.newInstance(DelegatingConstructorAccessorImpl.java:45)
> at java.lang.reflect.Constructor.newInstance(Constructor.java:423)
> at sun.net.www.protocol.http.HttpURLConnection$10.run(HttpURLConnection.java:1950)
> at sun.net.www.protocol.http.HttpURLConnection$10.run(HttpURLConnection.java:1945)
> at java.security.AccessController.doPrivileged(Native Method)
> at sun.net.www.protocol.http.HttpURLConnection.getChainedException(HttpURLConnection.java:1944)
> at sun.net.www.protocol.http.HttpURLConnection.getInputStream0(HttpURLConnection.java:1514)
> at sun.net.www.protocol.http.HttpURLConnection.getInputStream(HttpURLConnection.java:1498)
> at net.minecraft.launcher.Http.performGet(Http.java:57)
> at org.tlauncher.util.gson.DownloadUtil.readTextByKey(DownloadUtil.java:77)
> at org.tlauncher.util.gson.DownloadUtil.loadObjectByKey(DownloadUtil.java:38)
> at org.tlauncher.tlauncher.managers.TLauncherManager.refresh(TLauncherManager.java:117)
> at java.util.concurrent.ThreadPoolExecutor.runWorker(ThreadPoolExecutor.java:1149)
> at java.util.concurrent.ThreadPoolExecutor$Worker.run(ThreadPoolExecutor.java:624)
> at org.tlauncher.util.async.RunnableThread.run(RunnableThread.java:15)
> Caused by: java.net.UnknownHostException: advancedrepository.com
> at java.net.AbstractPlainSocketImpl.connect(AbstractPlainSocketImpl.java:196)
> at java.net.PlainSocketImpl.connect(PlainSocketImpl.java:162)
> at java.net.SocksSocketImpl.connect(SocksSocketImpl.java:394)
> at java.net.Socket.connect(Socket.java:606)
> at sun.net.NetworkClient.doConnect(NetworkClient.java:175)
> at sun.net.www.http.HttpClient.openServer(HttpClient.java:463)
> at sun.net.www.http.HttpClient.openServer(HttpClient.java:558)
> at sun.net.www.http.HttpClient.<init>(HttpClient.java:242)
> at sun.net.www.http.HttpClient.New(HttpClient.java:339)
> at sun.net.www.http.HttpClient.New(HttpClient.java:357)
> at sun.net.www.protocol.http.HttpURLConnection.getNewHttpClient(HttpURLConnection.java:1226)
> at sun.net.www.protocol.http.HttpURLConnection.plainConnect0(HttpURLConnection.java:1205)
> at sun.net.www.protocol.http.HttpURLConnection.plainConnect(HttpURLConnection.java:1056)
> at sun.net.www.protocol.http.HttpURLConnection.connect(HttpURLConnection.java:990)
> at sun.net.www.protocol.http.HttpURLConnection.getInputStream0(HttpURLConnection.java:1570)
> at sun.net.www.protocol.http.HttpURLConnection.getInputStream(HttpURLConnection.java:1498)
> at sun.net.www.protocol.http.HttpURLConnection.getHeaderField(HttpURLConnection.java:3061)
> at java.net.URLConnection.getContentType(URLConnection.java:511)
> at net.minecraft.launcher.Http.performGet(Http.java:53)
> at org.tlauncher.util.gson.DownloadUtil.readTextByKey(DownloadUtil.java:77)
> at org.tlauncher.util.gson.DownloadUtil.loadObjectByKey(DownloadUtil.java:38)
> at org.tlauncher.tlauncher.managers.TLauncherManager.refresh(TLauncherManager.java:117)
> at java.util.concurrent.ThreadPoolExecutor.runWorker(ThreadPoolExecutor.java:1149)
> at java.util.concurrent.ThreadPoolExecutor$Worker.run(ThreadPoolExecutor.java:624)
> at org.tlauncher.util.async.RunnableThread.run(RunnableThread.java:15)
> Thread called by: org.tlauncher.util.async.ExtendedThread$ExtendedThreadCaller
> at org.tlauncher.util.async.ExtendedThread.<init>(ExtendedThread.java:17)
> at org.tlauncher.util.async.ExtendedThread.<init>(ExtendedThread.java:21)
> at org.tlauncher.util.async.RunnableThread.<init>(RunnableThread.java:7)
> at org.tlauncher.util.async.AsyncThread$1.newThread(AsyncThread.java:12)
> at java.util.concurrent.ThreadPoolExecutor$Worker.<init>(ThreadPoolExecutor.java:619)
> at java.util.concurrent.ThreadPoolExecutor.addWorker(ThreadPoolExecutor.java:932)
> at java.util.concurrent.ThreadPoolExecutor.execute(ThreadPoolExecutor.java:1378)
> at org.tlauncher.util.async.AsyncThread.execute(AsyncThread.java:17)
> at org.tlauncher.tlauncher.updater.client.Updater.asyncFindUpdate(Updater.java:92)
> at org.tlauncher.tlauncher.rmo.TLauncher.<init>(TLauncher.java:161)
> at org.tlauncher.tlauncher.rmo.TLauncher$$FastClassByGuice$$7106277c.newInstance(<generated>)
> at com.google.inject.internal.DefaultConstructionProxyFactory$FastClassProxy.newInstance(DefaultConstructionProxyFactory.java:89)
> at com.google.inject.internal.ConstructorInjector.provision(ConstructorInjector.java:111)
> at com.google.inject.internal.ConstructorInjector.construct(ConstructorInjector.java:90)
> at com.google.inject.internal.ConstructorBindingImpl$Factory.get(ConstructorBindingImpl.java:268)
> at com.google.inject.internal.InjectorImpl$2$1.call(InjectorImpl.java:1019)
> at com.google.inject.internal.InjectorImpl.callInContext(InjectorImpl.java:1092)
> at com.google.inject.internal.InjectorImpl$2.get(InjectorImpl.java:1015)
> at com.google.inject.assistedinject.FactoryProvider2.invoke(FactoryProvider2.java:776)
> at com.sun.proxy.$Proxy9.create(Unknown Source)
> at org.tlauncher.util.guice.GuiceModule.getTlauncher(GuiceModule.java:127)
> at org.tlauncher.util.guice.GuiceModule$$FastClassByGuice$$58e5bf0.invoke(<generated>)
> ... and 14 more
> 
> [REPO][SERVER_LIST_REPO] Failed: Repo is not reachable!
> java.net.UnknownHostException: repo.tlauncher.org
> at sun.reflect.NativeConstructorAccessorImpl.newInstance0(Native Method)
> at sun.reflect.NativeConstructorAccessorImpl.newInstance(NativeConstructorAccessorImpl.java:62)
> at sun.reflect.DelegatingConstructorAccessorImpl.newInstance(DelegatingConstructorAccessorImpl.java:45)
> at java.lang.reflect.Constructor.newInstance(Constructor.java:423)
> at sun.net.www.protocol.http.HttpURLConnection$10.run(HttpURLConnection.java:1950)
> at sun.net.www.protocol.http.HttpURLConnection$10.run(HttpURLConnection.java:1945)
> at java.security.AccessController.doPrivileged(Native Method)
> at sun.net.www.protocol.http.HttpURLConnection.getChainedException(HttpURLConnection.java:1944)
> at sun.net.www.protocol.http.HttpURLConnection.getInputStream0(HttpURLConnection.java:1514)
> at sun.net.www.protocol.http.HttpURLConnection.getInputStream(HttpURLConnection.java:1498)
> at net.minecraft.launcher.Http.performGet(Http.java:57)
> at org.tlauncher.tlauncher.repository.Repo.getUrl0(Repo.java:62)
> at org.tlauncher.tlauncher.repository.Repo.getUrl(Repo.java:89)
> at org.tlauncher.tlauncher.managers.ServerListManager.refresh(ServerListManager.java:23)
> at java.util.concurrent.ThreadPoolExecutor.runWorker(ThreadPoolExecutor.java:1149)
> at java.util.concurrent.ThreadPoolExecutor$Worker.run(ThreadPoolExecutor.java:624)
> at org.tlauncher.util.async.RunnableThread.run(RunnableThread.java:15)
> Caused by: java.net.UnknownHostException: repo.tlauncher.org
> at java.net.AbstractPlainSocketImpl.connect(AbstractPlainSocketImpl.java:196)
> at java.net.PlainSocketImpl.connect(PlainSocketImpl.java:162)
> at java.net.SocksSocketImpl.connect(SocksSocketImpl.java:394)
> at java.net.Socket.connect(Socket.java:606)
> at sun.net.NetworkClient.doConnect(NetworkClient.java:175)
> at sun.net.www.http.HttpClient.openServer(HttpClient.java:463)
> at sun.net.www.http.HttpClient.openServer(HttpClient.java:558)
> at sun.net.www.http.HttpClient.<init>(HttpClient.java:242)
> at sun.net.www.http.HttpClient.New(HttpClient.java:339)
> at sun.net.www.http.HttpClient.New(HttpClient.java:357)
> at sun.net.www.protocol.http.HttpURLConnection.getNewHttpClient(HttpURLConnection.java:1226)
> at sun.net.www.protocol.http.HttpURLConnection.plainConnect0(HttpURLConnection.java:1205)
> at sun.net.www.protocol.http.HttpURLConnection.plainConnect(HttpURLConnection.java:1056)
> at sun.net.www.protocol.http.HttpURLConnection.connect(HttpURLConnection.java:990)
> at sun.net.www.protocol.http.HttpURLConnection.getInputStream0(HttpURLConnection.java:1570)
> at sun.net.www.protocol.http.HttpURLConnection.getInputStream(HttpURLConnection.java:1498)
> at sun.net.www.protocol.http.HttpURLConnection.getHeaderField(HttpURLConnection.java:3061)
> at java.net.URLConnection.getContentType(URLConnection.java:511)
> at net.minecraft.launcher.Http.performGet(Http.java:53)
> at org.tlauncher.tlauncher.repository.Repo.getUrl0(Repo.java:62)
> at org.tlauncher.tlauncher.repository.Repo.getUrl(Repo.java:89)
> at org.tlauncher.tlauncher.managers.ServerListManager.refresh(ServerListManager.java:23)
> at java.util.concurrent.ThreadPoolExecutor.runWorker(ThreadPoolExecutor.java:1149)
> at java.util.concurrent.ThreadPoolExecutor$Worker.run(ThreadPoolExecutor.java:624)
> at org.tlauncher.util.async.RunnableThread.run(RunnableThread.java:15)
> Thread called by: org.tlauncher.util.async.ExtendedThread$ExtendedThreadCaller
> at org.tlauncher.util.async.ExtendedThread.<init>(ExtendedThread.java:17)
> at org.tlauncher.util.async.ExtendedThread.<init>(ExtendedThread.java:21)
> at org.tlauncher.util.async.RunnableThread.<init>(RunnableThread.java:7)
> at org.tlauncher.util.async.AsyncThread$1.newThread(AsyncThread.java:12)
> at java.util.concurrent.ThreadPoolExecutor$Worker.<init>(ThreadPoolExecutor.java:619)
> at java.util.concurrent.ThreadPoolExecutor.addWorker(ThreadPoolExecutor.java:932)
> at java.util.concurrent.ThreadPoolExecutor.execute(ThreadPoolExecutor.java:1378)
> at org.tlauncher.util.async.AsyncThread.execute(AsyncThread.java:17)
> at org.tlauncher.tlauncher.updater.client.Updater.asyncFindUpdate(Updater.java:92)
> at org.tlauncher.tlauncher.rmo.TLauncher.<init>(TLauncher.java:161)
> at org.tlauncher.tlauncher.rmo.TLauncher$$FastClassByGuice$$7106277c.newInstance(<generated>)
> at com.google.inject.internal.DefaultConstructionProxyFactory$FastClassProxy.newInstance(DefaultConstructionProxyFactory.java:89)
> at com.google.inject.internal.ConstructorInjector.provision(ConstructorInjector.java:111)
> at com.google.inject.internal.ConstructorInjector.construct(ConstructorInjector.java:90)
> at com.google.inject.internal.ConstructorBindingImpl$Factory.get(ConstructorBindingImpl.java:268)
> at com.google.inject.internal.InjectorImpl$2$1.call(InjectorImpl.java:1019)
> at com.google.inject.internal.InjectorImpl.callInContext(InjectorImpl.java:1092)
> at com.google.inject.internal.InjectorImpl$2.get(InjectorImpl.java:1015)
> at com.google.inject.assistedinject.FactoryProvider2.invoke(FactoryProvider2.java:776)
> at com.sun.proxy.$Proxy9.create(Unknown Source)
> at org.tlauncher.util.guice.GuiceModule.getTlauncher(GuiceModule.java:127)
> at org.tlauncher.util.guice.GuiceModule$$FastClassByGuice$$58e5bf0.invoke(<generated>)
> ... and 14 more
> 
> [REPO][SERVER_LIST_REPO] Failed: Repo is not reachable!
> java.net.UnknownHostException: tlauncher.org
> at sun.reflect.NativeConstructorAccessorImpl.newInstance0(Native Method)
> at sun.reflect.NativeConstructorAccessorImpl.newInstance(NativeConstructorAccessorImpl.java:62)
> at sun.reflect.DelegatingConstructorAccessorImpl.newInstance(DelegatingConstructorAccessorImpl.java:45)
> at java.lang.reflect.Constructor.newInstance(Constructor.java:423)
> at sun.net.www.protocol.http.HttpURLConnection$10.run(HttpURLConnection.java:1950)
> at sun.net.www.protocol.http.HttpURLConnection$10.run(HttpURLConnection.java:1945)
> at java.security.AccessController.doPrivileged(Native Method)
> at sun.net.www.protocol.http.HttpURLConnection.getChainedException(HttpURLConnection.java:1944)
> at sun.net.www.protocol.http.HttpURLConnection.getInputStream0(HttpURLConnection.java:1514)
> at sun.net.www.protocol.http.HttpURLConnection.getInputStream(HttpURLConnection.java:1498)
> at sun.net.www.protocol.https.HttpsURLConnectionImpl.getInputStream(HttpsURLConnectionImpl.java:268)
> at net.minecraft.launcher.Http.performGet(Http.java:57)
> at org.tlauncher.tlauncher.repository.Repo.getUrl0(Repo.java:62)
> at org.tlauncher.tlauncher.repository.Repo.getUrl(Repo.java:89)
> at org.tlauncher.tlauncher.managers.ServerListManager.refresh(ServerListManager.java:23)
> at java.util.concurrent.ThreadPoolExecutor.runWorker(ThreadPoolExecutor.java:1149)
> at java.util.concurrent.ThreadPoolExecutor$Worker.run(ThreadPoolExecutor.java:624)
> at org.tlauncher.util.async.RunnableThread.run(RunnableThread.java:15)
> Caused by: java.net.UnknownHostException: tlauncher.org
> at java.net.AbstractPlainSocketImpl.connect(AbstractPlainSocketImpl.java:196)
> at java.net.PlainSocketImpl.connect(PlainSocketImpl.java:162)
> at java.net.SocksSocketImpl.connect(SocksSocketImpl.java:394)
> at java.net.Socket.connect(Socket.java:606)
> at sun.security.ssl.SSLSocketImpl.connect(SSLSocketImpl.java:287)
> at sun.net.NetworkClient.doConnect(NetworkClient.java:175)
> at sun.net.www.http.HttpClient.openServer(HttpClient.java:463)
> at sun.net.www.http.HttpClient.openServer(HttpClient.java:558)
> at sun.net.www.protocol.https.HttpsClient.<init>(HttpsClient.java:292)
> at sun.net.www.protocol.https.HttpsClient.New(HttpsClient.java:395)
> at sun.net.www.protocol.https.AbstractDelegateHttpsURLConnection.getNewHttpClient(AbstractDelegateHttpsURLConnection.java:191)
> at sun.net.www.protocol.http.HttpURLConnection.plainConnect0(HttpURLConnection.java:1205)
> at sun.net.www.protocol.http.HttpURLConnection.plainConnect(HttpURLConnection.java:1056)
> at sun.net.www.protocol.https.AbstractDelegateHttpsURLConnection.connect(AbstractDelegateHttpsURLConnection.java:177)
> at sun.net.www.protocol.http.HttpURLConnection.getInputStream0(HttpURLConnection.java:1570)
> at sun.net.www.protocol.http.HttpURLConnection.getInputStream(HttpURLConnection.java:1498)
> at sun.net.www.protocol.http.HttpURLConnection.getHeaderField(HttpURLConnection.java:3061)
> at java.net.URLConnection.getContentType(URLConnection.java:511)
> at sun.net.www.protocol.https.HttpsURLConnectionImpl.getContentType(HttpsURLConnectionImpl.java:420)
> at net.minecraft.launcher.Http.performGet(Http.java:53)
> at org.tlauncher.tlauncher.repository.Repo.getUrl0(Repo.java:62)
> at org.tlauncher.tlauncher.repository.Repo.getUrl(Repo.java:89)
> at org.tlauncher.tlauncher.managers.ServerListManager.refresh(ServerListManager.java:23)
> at java.util.concurrent.ThreadPoolExecutor.runWorker(ThreadPoolExecutor.java:1149)
> at java.util.concurrent.ThreadPoolExecutor$Worker.run(ThreadPoolExecutor.java:624)
> at org.tlauncher.util.async.RunnableThread.run(RunnableThread.java:15)
> Thread called by: org.tlauncher.util.async.ExtendedThread$ExtendedThreadCaller
> at org.tlauncher.util.async.ExtendedThread.<init>(ExtendedThread.java:17)
> at org.tlauncher.util.async.ExtendedThread.<init>(ExtendedThread.java:21)
> at org.tlauncher.util.async.RunnableThread.<init>(RunnableThread.java:7)
> at org.tlauncher.util.async.AsyncThread$1.newThread(AsyncThread.java:12)
> at java.util.concurrent.ThreadPoolExecutor$Worker.<init>(ThreadPoolExecutor.java:619)
> at java.util.concurrent.ThreadPoolExecutor.addWorker(ThreadPoolExecutor.java:932)
> at java.util.concurrent.ThreadPoolExecutor.execute(ThreadPoolExecutor.java:1378)
> at org.tlauncher.util.async.AsyncThread.execute(AsyncThread.java:17)
> at org.tlauncher.tlauncher.updater.client.Updater.asyncFindUpdate(Updater.java:92)
> at org.tlauncher.tlauncher.rmo.TLauncher.<init>(TLauncher.java:161)
> at org.tlauncher.tlauncher.rmo.TLauncher$$FastClassByGuice$$7106277c.newInstance(<generated>)
> at com.google.inject.internal.DefaultConstructionProxyFactory$FastClassProxy.newInstance(DefaultConstructionProxyFactory.java:89)
> at com.google.inject.internal.ConstructorInjector.provision(ConstructorInjector.java:111)
> at com.google.inject.internal.ConstructorInjector.construct(ConstructorInjector.java:90)
> at com.google.inject.internal.ConstructorBindingImpl$Factory.get(ConstructorBindingImpl.java:268)
> at com.google.inject.internal.InjectorImpl$2$1.call(InjectorImpl.java:1019)
> at com.google.inject.internal.InjectorImpl.callInContext(InjectorImpl.java:1092)
> at com.google.inject.internal.InjectorImpl$2.get(InjectorImpl.java:1015)
> at com.google.inject.assistedinject.FactoryProvider2.invoke(FactoryProvider2.java:776)
> at com.sun.proxy.$Proxy9.create(Unknown Source)
> at org.tlauncher.util.guice.GuiceModule.getTlauncher(GuiceModule.java:127)
> at org.tlauncher.util.guice.GuiceModule$$FastClassByGuice$$58e5bf0.invoke(<generated>)
> ... and 14 more
> 
> [REPO][SERVER_LIST_REPO] Failed: Repo is not reachable!
> java.net.UnknownHostException: advancedrepository.com
> at sun.reflect.NativeConstructorAccessorImpl.newInstance0(Native Method)
> at sun.reflect.NativeConstructorAccessorImpl.newInstance(NativeConstructorAccessorImpl.java:62)
> at sun.reflect.DelegatingConstructorAccessorImpl.newInstance(DelegatingConstructorAccessorImpl.java:45)
> at java.lang.reflect.Constructor.newInstance(Constructor.java:423)
> at sun.net.www.protocol.http.HttpURLConnection$10.run(HttpURLConnection.java:1950)
> at sun.net.www.protocol.http.HttpURLConnection$10.run(HttpURLConnection.java:1945)
> at java.security.AccessController.doPrivileged(Native Method)
> at sun.net.www.protocol.http.HttpURLConnection.getChainedException(HttpURLConnection.java:1944)
> at sun.net.www.protocol.http.HttpURLConnection.getInputStream0(HttpURLConnection.java:1514)
> at sun.net.www.protocol.http.HttpURLConnection.getInputStream(HttpURLConnection.java:1498)
> at net.minecraft.launcher.Http.performGet(Http.java:57)
> at org.tlauncher.tlauncher.repository.Repo.getUrl0(Repo.java:62)
> at org.tlauncher.tlauncher.repository.Repo.getUrl(Repo.java:89)
> at org.tlauncher.tlauncher.managers.ServerListManager.refresh(ServerListManager.java:23)
> at java.util.concurrent.ThreadPoolExecutor.runWorker(ThreadPoolExecutor.java:1149)
> at java.util.concurrent.ThreadPoolExecutor$Worker.run(ThreadPoolExecutor.java:624)
> at org.tlauncher.util.async.RunnableThread.run(RunnableThread.java:15)
> Caused by: java.net.UnknownHostException: advancedrepository.com
> at java.net.AbstractPlainSocketImpl.connect(AbstractPlainSocketImpl.java:196)
> at java.net.PlainSocketImpl.connect(PlainSocketImpl.java:162)
> at java.net.SocksSocketImpl.connect(SocksSocketImpl.java:394)
> at java.net.Socket.connect(Socket.java:606)
> at sun.net.NetworkClient.doConnect(NetworkClient.java:175)
> at sun.net.www.http.HttpClient.openServer(HttpClient.java:463)
> at sun.net.www.http.HttpClient.openServer(HttpClient.java:558)
> at sun.net.www.http.HttpClient.<init>(HttpClient.java:242)
> at sun.net.www.http.HttpClient.New(HttpClient.java:339)
> at sun.net.www.http.HttpClient.New(HttpClient.java:357)
> at sun.net.www.protocol.http.HttpURLConnection.getNewHttpClient(HttpURLConnection.java:1226)
> at sun.net.www.protocol.http.HttpURLConnection.plainConnect0(HttpURLConnection.java:1205)
> at sun.net.www.protocol.http.HttpURLConnection.plainConnect(HttpURLConnection.java:1056)
> at sun.net.www.protocol.http.HttpURLConnection.connect(HttpURLConnection.java:990)
> at sun.net.www.protocol.http.HttpURLConnection.getInputStream0(HttpURLConnection.java:1570)
> at sun.net.www.protocol.http.HttpURLConnection.getInputStream(HttpURLConnection.java:1498)
> at sun.net.www.protocol.http.HttpURLConnection.getHeaderField(HttpURLConnection.java:3061)
> at java.net.URLConnection.getContentType(URLConnection.java:511)
> at net.minecraft.launcher.Http.performGet(Http.java:53)
> at org.tlauncher.tlauncher.repository.Repo.getUrl0(Repo.java:62)
> at org.tlauncher.tlauncher.repository.Repo.getUrl(Repo.java:89)
> at org.tlauncher.tlauncher.managers.ServerListManager.refresh(ServerListManager.java:23)
> at java.util.concurrent.ThreadPoolExecutor.runWorker(ThreadPoolExecutor.java:1149)
> at java.util.concurrent.ThreadPoolExecutor$Worker.run(ThreadPoolExecutor.java:624)
> at org.tlauncher.util.async.RunnableThread.run(RunnableThread.java:15)
> Thread called by: org.tlauncher.util.async.ExtendedThread$ExtendedThreadCaller
> at org.tlauncher.util.async.ExtendedThread.<init>(ExtendedThread.java:17)
> at org.tlauncher.util.async.ExtendedThread.<init>(ExtendedThread.java:21)
> at org.tlauncher.util.async.RunnableThread.<init>(RunnableThread.java:7)
> at org.tlauncher.util.async.AsyncThread$1.newThread(AsyncThread.java:12)
> at java.util.concurrent.ThreadPoolExecutor$Worker.<init>(ThreadPoolExecutor.java:619)
> at java.util.concurrent.ThreadPoolExecutor.addWorker(ThreadPoolExecutor.java:932)
> at java.util.concurrent.ThreadPoolExecutor.execute(ThreadPoolExecutor.java:1378)
> at org.tlauncher.util.async.AsyncThread.execute(AsyncThread.java:17)
> at org.tlauncher.tlauncher.updater.client.Updater.asyncFindUpdate(Updater.java:92)
> at org.tlauncher.tlauncher.rmo.TLauncher.<init>(TLauncher.java:161)
> at org.tlauncher.tlauncher.rmo.TLauncher$$FastClassByGuice$$7106277c.newInstance(<generated>)
> at com.google.inject.internal.DefaultConstructionProxyFactory$FastClassProxy.newInstance(DefaultConstructionProxyFactory.java:89)
> at com.google.inject.internal.ConstructorInjector.provision(ConstructorInjector.java:111)
> at com.google.inject.internal.ConstructorInjector.construct(ConstructorInjector.java:90)
> at com.google.inject.internal.ConstructorBindingImpl$Factory.get(ConstructorBindingImpl.java:268)
> at com.google.inject.internal.InjectorImpl$2$1.call(InjectorImpl.java:1019)
> at com.google.inject.internal.InjectorImpl.callInContext(InjectorImpl.java:1092)
> at com.google.inject.internal.InjectorImpl$2.get(InjectorImpl.java:1015)
> at com.google.inject.assistedinject.FactoryProvider2.invoke(FactoryProvider2.java:776)
> at com.sun.proxy.$Proxy9.create(Unknown Source)
> at org.tlauncher.util.guice.GuiceModule.getTlauncher(GuiceModule.java:127)
> at org.tlauncher.util.guice.GuiceModule$$FastClassByGuice$$58e5bf0.invoke(<generated>)
> ... and 14 more
> 
> [REPO][SERVER_LIST_REPO] Failed: Repo is not reachable!
> java.net.UnknownHostException: repo.tlauncher.org
> at sun.reflect.NativeConstructorAccessorImpl.newInstance0(Native Method)
> at sun.reflect.NativeConstructorAccessorImpl.newInstance(NativeConstructorAccessorImpl.java:62)
> at sun.reflect.DelegatingConstructorAccessorImpl.newInstance(DelegatingConstructorAccessorImpl.java:45)
> at java.lang.reflect.Constructor.newInstance(Constructor.java:423)
> at sun.net.www.protocol.http.HttpURLConnection$10.run(HttpURLConnection.java:1950)
> at sun.net.www.protocol.http.HttpURLConnection$10.run(HttpURLConnection.java:1945)
> at java.security.AccessController.doPrivileged(Native Method)
> at sun.net.www.protocol.http.HttpURLConnection.getChainedException(HttpURLConnection.java:1944)
> at sun.net.www.protocol.http.HttpURLConnection.getInputStream0(HttpURLConnection.java:1514)
> at sun.net.www.protocol.http.HttpURLConnection.getInputStream(HttpURLConnection.java:1498)
> at net.minecraft.launcher.Http.performGet(Http.java:57)
> at org.tlauncher.tlauncher.repository.Repo.getUrl0(Repo.java:62)
> at org.tlauncher.tlauncher.repository.Repo.getUrl(Repo.java:89)
> at org.tlauncher.tlauncher.managers.ServerListManager.refresh(ServerListManager.java:23)
> at java.util.concurrent.ThreadPoolExecutor.runWorker(ThreadPoolExecutor.java:1149)
> at java.util.concurrent.ThreadPoolExecutor$Worker.run(ThreadPoolExecutor.java:624)
> at org.tlauncher.util.async.RunnableThread.run(RunnableThread.java:15)
> Caused by: java.net.UnknownHostException: repo.tlauncher.org
> at java.net.AbstractPlainSocketImpl.connect(AbstractPlainSocketImpl.java:196)
> at java.net.PlainSocketImpl.connect(PlainSocketImpl.java:162)
> at java.net.SocksSocketImpl.connect(SocksSocketImpl.java:394)
> at java.net.Socket.connect(Socket.java:606)
> at sun.net.NetworkClient.doConnect(NetworkClient.java:175)
> at sun.net.www.http.HttpClient.openServer(HttpClient.java:463)
> at sun.net.www.http.HttpClient.openServer(HttpClient.java:558)
> at sun.net.www.http.HttpClient.<init>(HttpClient.java:242)
> at sun.net.www.http.HttpClient.New(HttpClient.java:339)
> at sun.net.www.http.HttpClient.New(HttpClient.java:357)
> at sun.net.www.protocol.http.HttpURLConnection.getNewHttpClient(HttpURLConnection.java:1226)
> at sun.net.www.protocol.http.HttpURLConnection.plainConnect0(HttpURLConnection.java:1205)
> at sun.net.www.protocol.http.HttpURLConnection.plainConnect(HttpURLConnection.java:1056)
> at sun.net.www.protocol.http.HttpURLConnection.connect(HttpURLConnection.java:990)
> at sun.net.www.protocol.http.HttpURLConnection.getInputStream0(HttpURLConnection.java:1570)
> at sun.net.www.protocol.http.HttpURLConnection.getInputStream(HttpURLConnection.java:1498)
> at sun.net.www.protocol.http.HttpURLConnection.getHeaderField(HttpURLConnection.java:3061)
> at java.net.URLConnection.getContentType(URLConnection.java:511)
> at net.minecraft.launcher.Http.performGet(Http.java:53)
> at org.tlauncher.tlauncher.repository.Repo.getUrl0(Repo.java:62)
> at org.tlauncher.tlauncher.repository.Repo.getUrl(Repo.java:89)
> at org.tlauncher.tlauncher.managers.ServerListManager.refresh(ServerListManager.java:23)
> at java.util.concurrent.ThreadPoolExecutor.runWorker(ThreadPoolExecutor.java:1149)
> at java.util.concurrent.ThreadPoolExecutor$Worker.run(ThreadPoolExecutor.java:624)
> at org.tlauncher.util.async.RunnableThread.run(RunnableThread.java:15)
> Thread called by: org.tlauncher.util.async.ExtendedThread$ExtendedThreadCaller
> at org.tlauncher.util.async.ExtendedThread.<init>(ExtendedThread.java:17)
> at org.tlauncher.util.async.ExtendedThread.<init>(ExtendedThread.java:21)
> at org.tlauncher.util.async.RunnableThread.<init>(RunnableThread.java:7)
> at org.tlauncher.util.async.AsyncThread$1.newThread(AsyncThread.java:12)
> at java.util.concurrent.ThreadPoolExecutor$Worker.<init>(ThreadPoolExecutor.java:619)
> at java.util.concurrent.ThreadPoolExecutor.addWorker(ThreadPoolExecutor.java:932)
> at java.util.concurrent.ThreadPoolExecutor.execute(ThreadPoolExecutor.java:1378)
> at org.tlauncher.util.async.AsyncThread.execute(AsyncThread.java:17)
> at org.tlauncher.tlauncher.updater.client.Updater.asyncFindUpdate(Updater.java:92)
> at org.tlauncher.tlauncher.rmo.TLauncher.<init>(TLauncher.java:161)
> at org.tlauncher.tlauncher.rmo.TLauncher$$FastClassByGuice$$7106277c.newInstance(<generated>)
> at com.google.inject.internal.DefaultConstructionProxyFactory$FastClassProxy.newInstance(DefaultConstructionProxyFactory.java:89)
> at com.google.inject.internal.ConstructorInjector.provision(ConstructorInjector.java:111)
> at com.google.inject.internal.ConstructorInjector.construct(ConstructorInjector.java:90)
> at com.google.inject.internal.ConstructorBindingImpl$Factory.get(ConstructorBindingImpl.java:268)
> at com.google.inject.internal.InjectorImpl$2$1.call(InjectorImpl.java:1019)
> at com.google.inject.internal.InjectorImpl.callInContext(InjectorImpl.java:1092)
> at com.google.inject.internal.InjectorImpl$2.get(InjectorImpl.java:1015)
> at com.google.inject.assistedinject.FactoryProvider2.invoke(FactoryProvider2.java:776)
> at com.sun.proxy.$Proxy9.create(Unknown Source)
> at org.tlauncher.util.guice.GuiceModule.getTlauncher(GuiceModule.java:127)
> at org.tlauncher.util.guice.GuiceModule$$FastClassByGuice$$58e5bf0.invoke(<generated>)
> ... and 14 more
> 
> [REPO][SERVER_LIST_REPO] Failed: Repo is not reachable!
> java.net.UnknownHostException: tlauncher.org
> at sun.reflect.NativeConstructorAccessorImpl.newInstance0(Native Method)
> at sun.reflect.NativeConstructorAccessorImpl.newInstance(NativeConstructorAccessorImpl.java:62)
> at sun.reflect.DelegatingConstructorAccessorImpl.newInstance(DelegatingConstructorAccessorImpl.java:45)
> at java.lang.reflect.Constructor.newInstance(Constructor.java:423)
> at sun.net.www.protocol.http.HttpURLConnection$10.run(HttpURLConnection.java:1950)
> at sun.net.www.protocol.http.HttpURLConnection$10.run(HttpURLConnection.java:1945)
> at java.security.AccessController.doPrivileged(Native Method)
> at sun.net.www.protocol.http.HttpURLConnection.getChainedException(HttpURLConnection.java:1944)
> at sun.net.www.protocol.http.HttpURLConnection.getInputStream0(HttpURLConnection.java:1514)
> at sun.net.www.protocol.http.HttpURLConnection.getInputStream(HttpURLConnection.java:1498)
> at sun.net.www.protocol.https.HttpsURLConnectionImpl.getInputStream(HttpsURLConnectionImpl.java:268)
> at net.minecraft.launcher.Http.performGet(Http.java:57)
> at org.tlauncher.tlauncher.repository.Repo.getUrl0(Repo.java:62)
> at org.tlauncher.tlauncher.repository.Repo.getUrl(Repo.java:89)
> at org.tlauncher.tlauncher.managers.ServerListManager.refresh(ServerListManager.java:23)
> at java.util.concurrent.ThreadPoolExecutor.runWorker(ThreadPoolExecutor.java:1149)
> at java.util.concurrent.ThreadPoolExecutor$Worker.run(ThreadPoolExecutor.java:624)
> at org.tlauncher.util.async.RunnableThread.run(RunnableThread.java:15)
> Caused by: java.net.UnknownHostException: tlauncher.org
> at java.net.AbstractPlainSocketImpl.connect(AbstractPlainSocketImpl.java:196)
> at java.net.PlainSocketImpl.connect(PlainSocketImpl.java:162)
> at java.net.SocksSocketImpl.connect(SocksSocketImpl.java:394)
> at java.net.Socket.connect(Socket.java:606)
> at sun.security.ssl.SSLSocketImpl.connect(SSLSocketImpl.java:287)
> at sun.net.NetworkClient.doConnect(NetworkClient.java:175)
> at sun.net.www.http.HttpClient.openServer(HttpClient.java:463)
> at sun.net.www.http.HttpClient.openServer(HttpClient.java:558)
> at sun.net.www.protocol.https.HttpsClient.<init>(HttpsClient.java:292)
> at sun.net.www.protocol.https.HttpsClient.New(HttpsClient.java:395)
> at sun.net.www.protocol.https.AbstractDelegateHttpsURLConnection.getNewHttpClient(AbstractDelegateHttpsURLConnection.java:191)
> at sun.net.www.protocol.http.HttpURLConnection.plainConnect0(HttpURLConnection.java:1205)
> at sun.net.www.protocol.http.HttpURLConnection.plainConnect(HttpURLConnection.java:1056)
> at sun.net.www.protocol.https.AbstractDelegateHttpsURLConnection.connect(AbstractDelegateHttpsURLConnection.java:177)
> at sun.net.www.protocol.http.HttpURLConnection.getInputStream0(HttpURLConnection.java:1570)
> at sun.net.www.protocol.http.HttpURLConnection.getInputStream(HttpURLConnection.java:1498)
> at sun.net.www.protocol.http.HttpURLConnection.getHeaderField(HttpURLConnection.java:3061)
> at java.net.URLConnection.getContentType(URLConnection.java:511)
> at sun.net.www.protocol.https.HttpsURLConnectionImpl.getContentType(HttpsURLConnectionImpl.java:420)
> at net.minecraft.launcher.Http.performGet(Http.java:53)
> at org.tlauncher.tlauncher.repository.Repo.getUrl0(Repo.java:62)
> at org.tlauncher.tlauncher.repository.Repo.getUrl(Repo.java:89)
> at org.tlauncher.tlauncher.managers.ServerListManager.refresh(ServerListManager.java:23)
> at java.util.concurrent.ThreadPoolExecutor.runWorker(ThreadPoolExecutor.java:1149)
> at java.util.concurrent.ThreadPoolExecutor$Worker.run(ThreadPoolExecutor.java:624)
> at org.tlauncher.util.async.RunnableThread.run(RunnableThread.java:15)
> Thread called by: org.tlauncher.util.async.ExtendedThread$ExtendedThreadCaller
> at org.tlauncher.util.async.ExtendedThread.<init>(ExtendedThread.java:17)
> at org.tlauncher.util.async.ExtendedThread.<init>(ExtendedThread.java:21)
> at org.tlauncher.util.async.RunnableThread.<init>(RunnableThread.java:7)
> at org.tlauncher.util.async.AsyncThread$1.newThread(AsyncThread.java:12)
> at java.util.concurrent.ThreadPoolExecutor$Worker.<init>(ThreadPoolExecutor.java:619)
> at java.util.concurrent.ThreadPoolExecutor.addWorker(ThreadPoolExecutor.java:932)
> at java.util.concurrent.ThreadPoolExecutor.execute(ThreadPoolExecutor.java:1378)
> at org.tlauncher.util.async.AsyncThread.execute(AsyncThread.java:17)
> at org.tlauncher.tlauncher.updater.client.Updater.asyncFindUpdate(Updater.java:92)
> at org.tlauncher.tlauncher.rmo.TLauncher.<init>(TLauncher.java:161)
> at org.tlauncher.tlauncher.rmo.TLauncher$$FastClassByGuice$$7106277c.newInstance(<generated>)
> at com.google.inject.internal.DefaultConstructionProxyFactory$FastClassProxy.newInstance(DefaultConstructionProxyFactory.java:89)
> at com.google.inject.internal.ConstructorInjector.provision(ConstructorInjector.java:111)
> at com.google.inject.internal.ConstructorInjector.construct(ConstructorInjector.java:90)
> at com.google.inject.internal.ConstructorBindingImpl$Factory.get(ConstructorBindingImpl.java:268)
> at com.google.inject.internal.InjectorImpl$2$1.call(InjectorImpl.java:1019)
> at com.google.inject.internal.InjectorImpl.callInContext(InjectorImpl.java:1092)
> at com.google.inject.internal.InjectorImpl$2.get(InjectorImpl.java:1015)
> at com.google.inject.assistedinject.FactoryProvider2.invoke(FactoryProvider2.java:776)
> at com.sun.proxy.$Proxy9.create(Unknown Source)
> at org.tlauncher.util.guice.GuiceModule.getTlauncher(GuiceModule.java:127)
> at org.tlauncher.util.guice.GuiceModule$$FastClassByGuice$$58e5bf0.invoke(<generated>)
> ... and 14 more
> 
> [REPO][SERVER_LIST_REPO] Failed: Repo is not reachable!
> java.net.UnknownHostException: advancedrepository.com
> at sun.reflect.NativeConstructorAccessorImpl.newInstance0(Native Method)
> at sun.reflect.NativeConstructorAccessorImpl.newInstance(NativeConstructorAccessorImpl.java:62)
> at sun.reflect.DelegatingConstructorAccessorImpl.newInstance(DelegatingConstructorAccessorImpl.java:45)
> at java.lang.reflect.Constructor.newInstance(Constructor.java:423)
> at sun.net.www.protocol.http.HttpURLConnection$10.run(HttpURLConnection.java:1950)
> at sun.net.www.protocol.http.HttpURLConnection$10.run(HttpURLConnection.java:1945)
> at java.security.AccessController.doPrivileged(Native Method)
> at sun.net.www.protocol.http.HttpURLConnection.getChainedException(HttpURLConnection.java:1944)
> at sun.net.www.protocol.http.HttpURLConnection.getInputStream0(HttpURLConnection.java:1514)
> at sun.net.www.protocol.http.HttpURLConnection.getInputStream(HttpURLConnection.java:1498)
> at net.minecraft.launcher.Http.performGet(Http.java:57)
> at org.tlauncher.tlauncher.repository.Repo.getUrl0(Repo.java:62)
> at org.tlauncher.tlauncher.repository.Repo.getUrl(Repo.java:89)
> at org.tlauncher.tlauncher.managers.ServerListManager.refresh(ServerListManager.java:23)
> at java.util.concurrent.ThreadPoolExecutor.runWorker(ThreadPoolExecutor.java:1149)
> at java.util.concurrent.ThreadPoolExecutor$Worker.run(ThreadPoolExecutor.java:624)
> at org.tlauncher.util.async.RunnableThread.run(RunnableThread.java:15)
> Caused by: java.net.UnknownHostException: advancedrepository.com
> at java.net.AbstractPlainSocketImpl.connect(AbstractPlainSocketImpl.java:196)
> at java.net.PlainSocketImpl.connect(PlainSocketImpl.java:162)
> at java.net.SocksSocketImpl.connect(SocksSocketImpl.java:394)
> at java.net.Socket.connect(Socket.java:606)
> at sun.net.NetworkClient.doConnect(NetworkClient.java:175)
> at sun.net.www.http.HttpClient.openServer(HttpClient.java:463)
> at sun.net.www.http.HttpClient.openServer(HttpClient.java:558)
> at sun.net.www.http.HttpClient.<init>(HttpClient.java:242)
> at sun.net.www.http.HttpClient.New(HttpClient.java:339)
> at sun.net.www.http.HttpClient.New(HttpClient.java:357)
> at sun.net.www.protocol.http.HttpURLConnection.getNewHttpClient(HttpURLConnection.java:1226)
> at sun.net.www.protocol.http.HttpURLConnection.plainConnect0(HttpURLConnection.java:1205)
> at sun.net.www.protocol.http.HttpURLConnection.plainConnect(HttpURLConnection.java:1056)
> at sun.net.www.protocol.http.HttpURLConnection.connect(HttpURLConnection.java:990)
> at sun.net.www.protocol.http.HttpURLConnection.getInputStream0(HttpURLConnection.java:1570)
> at sun.net.www.protocol.http.HttpURLConnection.getInputStream(HttpURLConnection.java:1498)
> at sun.net.www.protocol.http.HttpURLConnection.getHeaderField(HttpURLConnection.java:3061)
> at java.net.URLConnection.getContentType(URLConnection.java:511)
> at net.minecraft.launcher.Http.performGet(Http.java:53)
> at org.tlauncher.tlauncher.repository.Repo.getUrl0(Repo.java:62)
> at org.tlauncher.tlauncher.repository.Repo.getUrl(Repo.java:89)
> at org.tlauncher.tlauncher.managers.ServerListManager.refresh(ServerListManager.java:23)
> at java.util.concurrent.ThreadPoolExecutor.runWorker(ThreadPoolExecutor.java:1149)
> at java.util.concurrent.ThreadPoolExecutor$Worker.run(ThreadPoolExecutor.java:624)
> at org.tlauncher.util.async.RunnableThread.run(RunnableThread.java:15)
> Thread called by: org.tlauncher.util.async.ExtendedThread$ExtendedThreadCaller
> at org.tlauncher.util.async.ExtendedThread.<init>(ExtendedThread.java:17)
> at org.tlauncher.util.async.ExtendedThread.<init>(ExtendedThread.java:21)
> at org.tlauncher.util.async.RunnableThread.<init>(RunnableThread.java:7)
> at org.tlauncher.util.async.AsyncThread$1.newThread(AsyncThread.java:12)
> at java.util.concurrent.ThreadPoolExecutor$Worker.<init>(ThreadPoolExecutor.java:619)
> at java.util.concurrent.ThreadPoolExecutor.addWorker(ThreadPoolExecutor.java:932)
> at java.util.concurrent.ThreadPoolExecutor.execute(ThreadPoolExecutor.java:1378)
> at org.tlauncher.util.async.AsyncThread.execute(AsyncThread.java:17)
> at org.tlauncher.tlauncher.updater.client.Updater.asyncFindUpdate(Updater.java:92)
> at org.tlauncher.tlauncher.rmo.TLauncher.<init>(TLauncher.java:161)
> at org.tlauncher.tlauncher.rmo.TLauncher$$FastClassByGuice$$7106277c.newInstance(<generated>)
> at com.google.inject.internal.DefaultConstructionProxyFactory$FastClassProxy.newInstance(DefaultConstructionProxyFactory.java:89)
> at com.google.inject.internal.ConstructorInjector.provision(ConstructorInjector.java:111)
> at com.google.inject.internal.ConstructorInjector.construct(ConstructorInjector.java:90)
> at com.google.inject.internal.ConstructorBindingImpl$Factory.get(ConstructorBindingImpl.java:268)
> at com.google.inject.internal.InjectorImpl$2$1.call(InjectorImpl.java:1019)
> at com.google.inject.internal.InjectorImpl.callInContext(InjectorImpl.java:1092)
> at com.google.inject.internal.InjectorImpl$2.get(InjectorImpl.java:1015)
> at com.google.inject.assistedinject.FactoryProvider2.invoke(FactoryProvider2.java:776)
> at com.sun.proxy.$Proxy9.create(Unknown Source)
> at org.tlauncher.util.guice.GuiceModule.getTlauncher(GuiceModule.java:127)
> at org.tlauncher.util.guice.GuiceModule$$FastClassByGuice$$58e5bf0.invoke(<generated>)
> ... and 14 more
> 
> [REPO][SERVER_LIST_REPO] Failed: Repo is not reachable!
> java.net.UnknownHostException: repo.tlauncher.org
> at sun.reflect.NativeConstructorAccessorImpl.newInstance0(Native Method)
> at sun.reflect.NativeConstructorAccessorImpl.newInstance(NativeConstructorAccessorImpl.java:62)
> at sun.reflect.DelegatingConstructorAccessorImpl.newInstance(DelegatingConstructorAccessorImpl.java:45)
> at java.lang.reflect.Constructor.newInstance(Constructor.java:423)
> at sun.net.www.protocol.http.HttpURLConnection$10.run(HttpURLConnection.java:1950)
> at sun.net.www.protocol.http.HttpURLConnection$10.run(HttpURLConnection.java:1945)
> at java.security.AccessController.doPrivileged(Native Method)
> at sun.net.www.protocol.http.HttpURLConnection.getChainedException(HttpURLConnection.java:1944)
> at sun.net.www.protocol.http.HttpURLConnection.getInputStream0(HttpURLConnection.java:1514)
> at sun.net.www.protocol.http.HttpURLConnection.getInputStream(HttpURLConnection.java:1498)
> at net.minecraft.launcher.Http.performGet(Http.java:57)
> at org.tlauncher.tlauncher.repository.Repo.getUrl0(Repo.java:62)
> at org.tlauncher.tlauncher.repository.Repo.getUrl(Repo.java:89)
> at org.tlauncher.tlauncher.managers.ServerListManager.refresh(ServerListManager.java:23)
> at java.util.concurrent.ThreadPoolExecutor.runWorker(ThreadPoolExecutor.java:1149)
> at java.util.concurrent.ThreadPoolExecutor$Worker.run(ThreadPoolExecutor.java:624)
> at org.tlauncher.util.async.RunnableThread.run(RunnableThread.java:15)
> Caused by: java.net.UnknownHostException: repo.tlauncher.org
> at java.net.AbstractPlainSocketImpl.connect(AbstractPlainSocketImpl.java:196)
> at java.net.PlainSocketImpl.connect(PlainSocketImpl.java:162)
> at java.net.SocksSocketImpl.connect(SocksSocketImpl.java:394)
> at java.net.Socket.connect(Socket.java:606)
> at sun.net.NetworkClient.doConnect(NetworkClient.java:175)
> at sun.net.www.http.HttpClient.openServer(HttpClient.java:463)
> at sun.net.www.http.HttpClient.openServer(HttpClient.java:558)
> at sun.net.www.http.HttpClient.<init>(HttpClient.java:242)
> at sun.net.www.http.HttpClient.New(HttpClient.java:339)
> at sun.net.www.http.HttpClient.New(HttpClient.java:357)
> at sun.net.www.protocol.http.HttpURLConnection.getNewHttpClient(HttpURLConnection.java:1226)
> at sun.net.www.protocol.http.HttpURLConnection.plainConnect0(HttpURLConnection.java:1205)
> at sun.net.www.protocol.http.HttpURLConnection.plainConnect(HttpURLConnection.java:1056)
> at sun.net.www.protocol.http.HttpURLConnection.connect(HttpURLConnection.java:990)
> at sun.net.www.protocol.http.HttpURLConnection.getInputStream0(HttpURLConnection.java:1570)
> at sun.net.www.protocol.http.HttpURLConnection.getInputStream(HttpURLConnection.java:1498)
> at sun.net.www.protocol.http.HttpURLConnection.getHeaderField(HttpURLConnection.java:3061)
> at java.net.URLConnection.getContentType(URLConnection.java:511)
> at net.minecraft.launcher.Http.performGet(Http.java:53)
> at org.tlauncher.tlauncher.repository.Repo.getUrl0(Repo.java:62)
> at org.tlauncher.tlauncher.repository.Repo.getUrl(Repo.java:89)
> at org.tlauncher.tlauncher.managers.ServerListManager.refresh(ServerListManager.java:23)
> at java.util.concurrent.ThreadPoolExecutor.runWorker(ThreadPoolExecutor.java:1149)
> at java.util.concurrent.ThreadPoolExecutor$Worker.run(ThreadPoolExecutor.java:624)
> at org.tlauncher.util.async.RunnableThread.run(RunnableThread.java:15)
> Thread called by: org.tlauncher.util.async.ExtendedThread$ExtendedThreadCaller
> at org.tlauncher.util.async.ExtendedThread.<init>(ExtendedThread.java:17)
> at org.tlauncher.util.async.ExtendedThread.<init>(ExtendedThread.java:21)
> at org.tlauncher.util.async.RunnableThread.<init>(RunnableThread.java:7)
> at org.tlauncher.util.async.AsyncThread$1.newThread(AsyncThread.java:12)
> at java.util.concurrent.ThreadPoolExecutor$Worker.<init>(ThreadPoolExecutor.java:619)
> at java.util.concurrent.ThreadPoolExecutor.addWorker(ThreadPoolExecutor.java:932)
> at java.util.concurrent.ThreadPoolExecutor.execute(ThreadPoolExecutor.java:1378)
> at org.tlauncher.util.async.AsyncThread.execute(AsyncThread.java:17)
> at org.tlauncher.tlauncher.updater.client.Updater.asyncFindUpdate(Updater.java:92)
> at org.tlauncher.tlauncher.rmo.TLauncher.<init>(TLauncher.java:161)
> at org.tlauncher.tlauncher.rmo.TLauncher$$FastClassByGuice$$7106277c.newInstance(<generated>)
> at com.google.inject.internal.DefaultConstructionProxyFactory$FastClassProxy.newInstance(DefaultConstructionProxyFactory.java:89)
> at com.google.inject.internal.ConstructorInjector.provision(ConstructorInjector.java:111)
> at com.google.inject.internal.ConstructorInjector.construct(ConstructorInjector.java:90)
> at com.google.inject.internal.ConstructorBindingImpl$Factory.get(ConstructorBindingImpl.java:268)
> at com.google.inject.internal.InjectorImpl$2$1.call(InjectorImpl.java:1019)
> at com.google.inject.internal.InjectorImpl.callInContext(InjectorImpl.java:1092)
> at com.google.inject.internal.InjectorImpl$2.get(InjectorImpl.java:1015)
> at com.google.inject.assistedinject.FactoryProvider2.invoke(FactoryProvider2.java:776)
> at com.sun.proxy.$Proxy9.create(Unknown Source)
> at org.tlauncher.util.guice.GuiceModule.getTlauncher(GuiceModule.java:127)
> at org.tlauncher.util.guice.GuiceModule$$FastClassByGuice$$58e5bf0.invoke(<generated>)
> ... and 14 more
> 
> [REPO][SERVER_LIST_REPO] Failed: Repo is not reachable!
> java.net.UnknownHostException: tlauncher.org
> at sun.reflect.NativeConstructorAccessorImpl.newInstance0(Native Method)
> at sun.reflect.NativeConstructorAccessorImpl.newInstance(NativeConstructorAccessorImpl.java:62)
> at sun.reflect.DelegatingConstructorAccessorImpl.newInstance(DelegatingConstructorAccessorImpl.java:45)
> at java.lang.reflect.Constructor.newInstance(Constructor.java:423)
> at sun.net.www.protocol.http.HttpURLConnection$10.run(HttpURLConnection.java:1950)
> at sun.net.www.protocol.http.HttpURLConnection$10.run(HttpURLConnection.java:1945)
> at java.security.AccessController.doPrivileged(Native Method)
> at sun.net.www.protocol.http.HttpURLConnection.getChainedException(HttpURLConnection.java:1944)
> at sun.net.www.protocol.http.HttpURLConnection.getInputStream0(HttpURLConnection.java:1514)
> at sun.net.www.protocol.http.HttpURLConnection.getInputStream(HttpURLConnection.java:1498)
> at sun.net.www.protocol.https.HttpsURLConnectionImpl.getInputStream(HttpsURLConnectionImpl.java:268)
> at net.minecraft.launcher.Http.performGet(Http.java:57)
> at org.tlauncher.tlauncher.repository.Repo.getUrl0(Repo.java:62)
> at org.tlauncher.tlauncher.repository.Repo.getUrl(Repo.java:89)
> at org.tlauncher.tlauncher.managers.ServerListManager.refresh(ServerListManager.java:23)
> at java.util.concurrent.ThreadPoolExecutor.runWorker(ThreadPoolExecutor.java:1149)
> at java.util.concurrent.ThreadPoolExecutor$Worker.run(ThreadPoolExecutor.java:624)
> at org.tlauncher.util.async.RunnableThread.run(RunnableThread.java:15)
> Caused by: java.net.UnknownHostException: tlauncher.org
> at java.net.AbstractPlainSocketImpl.connect(AbstractPlainSocketImpl.java:196)
> at java.net.PlainSocketImpl.connect(PlainSocketImpl.java:162)
> at java.net.SocksSocketImpl.connect(SocksSocketImpl.java:394)
> at java.net.Socket.connect(Socket.java:606)
> at sun.security.ssl.SSLSocketImpl.connect(SSLSocketImpl.java:287)
> at sun.net.NetworkClient.doConnect(NetworkClient.java:175)
> at sun.net.www.http.HttpClient.openServer(HttpClient.java:463)
> at sun.net.www.http.HttpClient.openServer(HttpClient.java:558)
> at sun.net.www.protocol.https.HttpsClient.<init>(HttpsClient.java:292)
> at sun.net.www.protocol.https.HttpsClient.New(HttpsClient.java:395)
> at sun.net.www.protocol.https.AbstractDelegateHttpsURLConnection.getNewHttpClient(AbstractDelegateHttpsURLConnection.java:191)
> at sun.net.www.protocol.http.HttpURLConnection.plainConnect0(HttpURLConnection.java:1205)
> at sun.net.www.protocol.http.HttpURLConnection.plainConnect(HttpURLConnection.java:1056)
> at sun.net.www.protocol.https.AbstractDelegateHttpsURLConnection.connect(AbstractDelegateHttpsURLConnection.java:177)
> at sun.net.www.protocol.http.HttpURLConnection.getInputStream0(HttpURLConnection.java:1570)
> at sun.net.www.protocol.http.HttpURLConnection.getInputStream(HttpURLConnection.java:1498)
> at sun.net.www.protocol.http.HttpURLConnection.getHeaderField(HttpURLConnection.java:3061)
> at java.net.URLConnection.getContentType(URLConnection.java:511)
> at sun.net.www.protocol.https.HttpsURLConnectionImpl.getContentType(HttpsURLConnectionImpl.java:420)
> at net.minecraft.launcher.Http.performGet(Http.java:53)
> at org.tlauncher.tlauncher.repository.Repo.getUrl0(Repo.java:62)
> at org.tlauncher.tlauncher.repository.Repo.getUrl(Repo.java:89)
> at org.tlauncher.tlauncher.managers.ServerListManager.refresh(ServerListManager.java:23)
> at java.util.concurrent.ThreadPoolExecutor.runWorker(ThreadPoolExecutor.java:1149)
> at java.util.concurrent.ThreadPoolExecutor$Worker.run(ThreadPoolExecutor.java:624)
> at org.tlauncher.util.async.RunnableThread.run(RunnableThread.java:15)
> Thread called by: org.tlauncher.util.async.ExtendedThread$ExtendedThreadCaller
> at org.tlauncher.util.async.ExtendedThread.<init>(ExtendedThread.java:17)
> at org.tlauncher.util.async.ExtendedThread.<init>(ExtendedThread.java:21)
> at org.tlauncher.util.async.RunnableThread.<init>(RunnableThread.java:7)
> at org.tlauncher.util.async.AsyncThread$1.newThread(AsyncThread.java:12)
> at java.util.concurrent.ThreadPoolExecutor$Worker.<init>(ThreadPoolExecutor.java:619)
> at java.util.concurrent.ThreadPoolExecutor.addWorker(ThreadPoolExecutor.java:932)
> at java.util.concurrent.ThreadPoolExecutor.execute(ThreadPoolExecutor.java:1378)
> at org.tlauncher.util.async.AsyncThread.execute(AsyncThread.java:17)
> at org.tlauncher.tlauncher.updater.client.Updater.asyncFindUpdate(Updater.java:92)
> at org.tlauncher.tlauncher.rmo.TLauncher.<init>(TLauncher.java:161)
> at org.tlauncher.tlauncher.rmo.TLauncher$$FastClassByGuice$$7106277c.newInstance(<generated>)
> at com.google.inject.internal.DefaultConstructionProxyFactory$FastClassProxy.newInstance(DefaultConstructionProxyFactory.java:89)
> at com.google.inject.internal.ConstructorInjector.provision(ConstructorInjector.java:111)
> at com.google.inject.internal.ConstructorInjector.construct(ConstructorInjector.java:90)
> at com.google.inject.internal.ConstructorBindingImpl$Factory.get(ConstructorBindingImpl.java:268)
> at com.google.inject.internal.InjectorImpl$2$1.call(InjectorImpl.java:1019)
> at com.google.inject.internal.InjectorImpl.callInContext(InjectorImpl.java:1092)
> at com.google.inject.internal.InjectorImpl$2.get(InjectorImpl.java:1015)
> at com.google.inject.assistedinject.FactoryProvider2.invoke(FactoryProvider2.java:776)
> at com.sun.proxy.$Proxy9.create(Unknown Source)
> at org.tlauncher.util.guice.GuiceModule.getTlauncher(GuiceModule.java:127)
> at org.tlauncher.util.guice.GuiceModule$$FastClassByGuice$$58e5bf0.invoke(<generated>)
> ... and 14 more
> 
> [REPO][SERVER_LIST_REPO] Failed: Repo is not reachable!
> java.net.UnknownHostException: advancedrepository.com
> at sun.reflect.NativeConstructorAccessorImpl.newInstance0(Native Method)
> at sun.reflect.NativeConstructorAccessorImpl.newInstance(NativeConstructorAccessorImpl.java:62)
> at sun.reflect.DelegatingConstructorAccessorImpl.newInstance(DelegatingConstructorAccessorImpl.java:45)
> at java.lang.reflect.Constructor.newInstance(Constructor.java:423)
> at sun.net.www.protocol.http.HttpURLConnection$10.run(HttpURLConnection.java:1950)
> at sun.net.www.protocol.http.HttpURLConnection$10.run(HttpURLConnection.java:1945)
> at java.security.AccessController.doPrivileged(Native Method)
> at sun.net.www.protocol.http.HttpURLConnection.getChainedException(HttpURLConnection.java:1944)
> at sun.net.www.protocol.http.HttpURLConnection.getInputStream0(HttpURLConnection.java:1514)
> at sun.net.www.protocol.http.HttpURLConnection.getInputStream(HttpURLConnection.java:1498)
> at net.minecraft.launcher.Http.performGet(Http.java:57)
> at org.tlauncher.tlauncher.repository.Repo.getUrl0(Repo.java:62)
> at org.tlauncher.tlauncher.repository.Repo.getUrl(Repo.java:89)
> at org.tlauncher.tlauncher.managers.ServerListManager.refresh(ServerListManager.java:23)
> at java.util.concurrent.ThreadPoolExecutor.runWorker(ThreadPoolExecutor.java:1149)
> at java.util.concurrent.ThreadPoolExecutor$Worker.run(ThreadPoolExecutor.java:624)
> at org.tlauncher.util.async.RunnableThread.run(RunnableThread.java:15)
> Caused by: java.net.UnknownHostException: advancedrepository.com
> at java.net.AbstractPlainSocketImpl.connect(AbstractPlainSocketImpl.java:196)
> at java.net.PlainSocketImpl.connect(PlainSocketImpl.java:162)
> at java.net.SocksSocketImpl.connect(SocksSocketImpl.java:394)
> at java.net.Socket.connect(Socket.java:606)
> at sun.net.NetworkClient.doConnect(NetworkClient.java:175)
> at sun.net.www.http.HttpClient.openServer(HttpClient.java:463)
> at sun.net.www.http.HttpClient.openServer(HttpClient.java:558)
> at sun.net.www.http.HttpClient.<init>(HttpClient.java:242)
> at sun.net.www.http.HttpClient.New(HttpClient.java:339)
> at sun.net.www.http.HttpClient.New(HttpClient.java:357)
> at sun.net.www.protocol.http.HttpURLConnection.getNewHttpClient(HttpURLConnection.java:1226)
> at sun.net.www.protocol.http.HttpURLConnection.plainConnect0(HttpURLConnection.java:1205)
> at sun.net.www.protocol.http.HttpURLConnection.plainConnect(HttpURLConnection.java:1056)
> at sun.net.www.protocol.http.HttpURLConnection.connect(HttpURLConnection.java:990)
> at sun.net.www.protocol.http.HttpURLConnection.getInputStream0(HttpURLConnection.java:1570)
> at sun.net.www.protocol.http.HttpURLConnection.getInputStream(HttpURLConnection.java:1498)
> at sun.net.www.protocol.http.HttpURLConnection.getHeaderField(HttpURLConnection.java:3061)
> at java.net.URLConnection.getContentType(URLConnection.java:511)
> at net.minecraft.launcher.Http.performGet(Http.java:53)
> at org.tlauncher.tlauncher.repository.Repo.getUrl0(Repo.java:62)
> at org.tlauncher.tlauncher.repository.Repo.getUrl(Repo.java:89)
> at org.tlauncher.tlauncher.managers.ServerListManager.refresh(ServerListManager.java:23)
> at java.util.concurrent.ThreadPoolExecutor.runWorker(ThreadPoolExecutor.java:1149)
> at java.util.concurrent.ThreadPoolExecutor$Worker.run(ThreadPoolExecutor.java:624)
> at org.tlauncher.util.async.RunnableThread.run(RunnableThread.java:15)
> Thread called by: org.tlauncher.util.async.ExtendedThread$ExtendedThreadCaller
> at org.tlauncher.util.async.ExtendedThread.<init>(ExtendedThread.java:17)
> at org.tlauncher.util.async.ExtendedThread.<init>(ExtendedThread.java:21)
> at org.tlauncher.util.async.RunnableThread.<init>(RunnableThread.java:7)
> at org.tlauncher.util.async.AsyncThread$1.newThread(AsyncThread.java:12)
> at java.util.concurrent.ThreadPoolExecutor$Worker.<init>(ThreadPoolExecutor.java:619)
> at java.util.concurrent.ThreadPoolExecutor.addWorker(ThreadPoolExecutor.java:932)
> at java.util.concurrent.ThreadPoolExecutor.execute(ThreadPoolExecutor.java:1378)
> at org.tlauncher.util.async.AsyncThread.execute(AsyncThread.java:17)
> at org.tlauncher.tlauncher.updater.client.Updater.asyncFindUpdate(Updater.java:92)
> at org.tlauncher.tlauncher.rmo.TLauncher.<init>(TLauncher.java:161)
> at org.tlauncher.tlauncher.rmo.TLauncher$$FastClassByGuice$$7106277c.newInstance(<generated>)
> at com.google.inject.internal.DefaultConstructionProxyFactory$FastClassProxy.newInstance(DefaultConstructionProxyFactory.java:89)
> at com.google.inject.internal.ConstructorInjector.provision(ConstructorInjector.java:111)
> at com.google.inject.internal.ConstructorInjector.construct(ConstructorInjector.java:90)
> at com.google.inject.internal.ConstructorBindingImpl$Factory.get(ConstructorBindingImpl.java:268)
> at com.google.inject.internal.InjectorImpl$2$1.call(InjectorImpl.java:1019)
> at com.google.inject.internal.InjectorImpl.callInContext(InjectorImpl.java:1092)
> at com.google.inject.internal.InjectorImpl$2.get(InjectorImpl.java:1015)
> at com.google.inject.assistedinject.FactoryProvider2.invoke(FactoryProvider2.java:776)
> at com.sun.proxy.$Proxy9.create(Unknown Source)
> at org.tlauncher.util.guice.GuiceModule.getTlauncher(GuiceModule.java:127)
> at org.tlauncher.util.guice.GuiceModule$$FastClassByGuice$$58e5bf0.invoke(<generated>)
> ... and 14 more
> 
> [REPO][SERVER_LIST_REPO] Failed: All repos are unreachable.
> [Loading] LOADING_WINDOW
> [Swing] Favicons loaded: 256px, 128px, 96px, 64px, 48px, 32px, 24px, 16px
> [Loading] PREPARING_MAINPANE
> [JFXStartPageLoader]  start load page: 127.0.0.1index_es.htm
> [JFXStartPageLoader]  fail load page: 127.0.0.1index_es.htm
> [Browser] Running in JavaFX Thread
> [Browser] Preparing JavaFX...
> [Browser] Initializing...
> [Browser@959653287] Failed to load: "127.0.0.1index_es.htm"
> [JFXStartPageLoader]  start load page: 127.0.0.1index_es.htm
> [Browser@959653287] Loading: ""
> [JFXStartPageLoader]  succeeded load page: 127.0.0.1index_es.htm during 0
> [Browser@959653287] Loaded successfully: ""
> [Browser] add listens into server_choose
> [Browser] finished listens into server_choose
> [Downloader2] Loaded configuration: good
> [Loading] POSTINIT_GUI
> [Frame] Packing main frame...
> [Frame] Resizing main pane...
> Updater is already closed. Showing up...
> Visibility set.
> [Loading] REFRESHING_INFO
> Started! (6066 ms.)
> [Loading] SUCCESS
[Bootstrapper] I can be terminated now: 0
