[Loading] INITIALIZING
Starting TLauncher 2.83 RELEASE
For more information, visit https://tlauncher.org/
Startup time: dic 6, 2021 6:27:41 p.m.
Running folder C:\Users\servidor\AppData\Roaming\.minecraft
---
[Loading] LOADING_CONFIGURATION
Machine info: -------------------------------------------------------
Windows 10 10.0, Java 1.8.0_281, jvm bit x64, 8191 MB RAM
java path=C:\Users\servidor\AppData\Roaming\.tlauncher\jvms\jre1.8.0_281\bin\javaw.exe
AMD Phenom(tm) II X2 560 Processor
 AMD Radeon HD 5450, AMD Radeon Graphics Processor (0x68F9), 5874 MB
-------------------------------------------------------
Selected locale: es_ES
[Loading] LOADING_CONSOLE
[Downloader2] Loaded configuration: good
[Updater] Requesting an update...
[Updater] Requesting from: http://repo.tlauncher.org/update/lch/update_2.0.json
[Updater] Making request: http://repo.tlauncher.org/update/lch/update_2.0.json?version=2.83&client=2521bb4f-2bad-4a67-be3e-4688d97bb07f
[Updater] Request time: 97 ms
[Updater] Successfully requested from: http://repo.tlauncher.org/update/lch/update_2.0.json
[Browser] Loading resources...
[Browser] Loading background...
[Browser] Cleaning up after loading:
Starting garbage collector: 42 / 110 MB
Garbage collector completed: 20 / 158 MB
[Loading] LOADING_MANAGERS
[LocalVersionList] Base directory: C:\Users\servidor\AppData\Roaming\.minecraft
[ProfileManager] Refreshing profiles from: C:\Users\servidor\AppData\Roaming\.minecraft\TlauncherProfiles.json
[GsonUtil]  request to http://repo.tlauncher.org/update/downloads/libraries/org/tlauncher/authlib/libraries-1.7.json
[AdvertisingStatusObserver]  started to get ad information
[AdvertisingStatusObserver]  finished to get add information
save profiles
[Loading] LOADING_WINDOW
[REPO][SERVER_LIST_REPO] Success: Reached the repo in 98 ms.
[JFXStartPageLoader]  start load page: https://page.tlauncher.org/update/downloads/configs/client/index_es.htm
[Browser] Running in JavaFX Thread
[Browser] Preparing JavaFX...
[Browser] Initializing...
[Swing] Favicons loaded: 256px, 128px, 96px, 64px, 48px, 32px, 24px, 16px
[Loading] PREPARING_MAINPANE
[JFXStartPageLoader]  succeeded load page: https://page.tlauncher.org/update/downloads/configs/client/index_es.htm during 2
[Browser@1344800567] Loaded successfully: "https://page.tlauncher.org/update/downloads/configs/client/index_es.htm"
[Browser] add listens into server_choose
[Browser] finished listens into server_choose
[Downloader2] Loaded configuration: good
[Loading] POSTINIT_GUI
[Frame] Packing main frame...
[Frame] Resizing main pane...
Updater is already closed. Showing up...
Visibility set.
[Loading] REFRESHING_INFO
Started! (12788 ms.)
[Loading] SUCCESS
[VersionManager] Refreshing versions remotely...
[REPO][EXTRA_VERSION_REPO] Attempt #1; timeout: 20000 ms; url: http://repo.tlauncher.org/update/downloads/versions/new4/
[REPO][EXTRA_VERSION_REPO] Success: Reached the repo in 61 ms.
[REPO][SKIN_VERSION_REPO] Attempt #1; timeout: 20000 ms; url: http://repo.tlauncher.org/update/downloads/versions/new4/skin/versions/
[REPO][EXTRA_VERSION_REPO] Attempt #1; timeout: 20000 ms; url: http://repo.tlauncher.org/update/downloads/versions/new4/
[REPO][OFFICIAL_VERSION_REPO] Attempt #1; timeout: 20000 ms; url: https://launchermeta.mojang.com/mc/game/
[REPO][SKIN_VERSION_REPO] Success: Reached the repo in 35 ms.
[SkinVersionList] Got in 70 ms
[REPO][EXTRA_VERSION_REPO] Success: Reached the repo in 68 ms.
[ExtraVersionList] Got in 172 ms
[TLauncher] show tlauncher!!!
[REPO][OFFICIAL_VERSION_REPO] Success: Reached the repo in 405 ms.
[OfficialVersionList] Got in 578 ms
[VersionManager] Versions has been refreshed (716 ms)
java.net.SocketException: Unrecognized Windows Sockets error: 0: JVM_Bind
at java.net.TwoStacksPlainSocketImpl.socketBind(Native Method)
at java.net.TwoStacksPlainSocketImpl.socketBind(TwoStacksPlainSocketImpl.java:133)
at java.net.AbstractPlainSocketImpl.bind(AbstractPlainSocketImpl.java:513)
at java.net.TwoStacksPlainSocketImpl.bind(TwoStacksPlainSocketImpl.java:106)
at java.net.PlainSocketImpl.bind(PlainSocketImpl.java:180)
at java.net.ServerSocket.bind(ServerSocket.java:375)
at java.net.ServerSocket.<init>(ServerSocket.java:237)
at javax.net.ssl.SSLServerSocket.<init>(SSLServerSocket.java:181)
at sun.security.ssl.SSLServerSocketImpl.<init>(SSLServerSocketImpl.java:78)
at sun.security.ssl.SSLServerSocketFactoryImpl.createServerSocket(SSLServerSocketFactoryImpl.java:87)
at org.apache.http.impl.bootstrap.HttpServer.start(HttpServer.java:112)
at org.tlauncher.tlauncher.site.play.SitePlay.init(SitePlay.java:86)
at org.tlauncher.tlauncher.site.play.SitePlay.onVersionsRefreshed(SitePlay.java:54)
at org.tlauncher.tlauncher.managers.VersionManager.refresh(VersionManager.java:157)
at org.tlauncher.tlauncher.managers.VersionManager.startRefresh(VersionManager.java:169)
at org.tlauncher.tlauncher.managers.VersionManager.lambda$asyncRefresh$0(VersionManager.java:179)
at java.util.concurrent.ThreadPoolExecutor.runWorker(ThreadPoolExecutor.java:1149)
at java.util.concurrent.ThreadPoolExecutor$Worker.run(ThreadPoolExecutor.java:624)
at org.tlauncher.util.async.RunnableThread.run(RunnableThread.java:15)
Thread called by: org.tlauncher.util.async.ExtendedThread$ExtendedThreadCaller
at org.tlauncher.util.async.ExtendedThread.<init>(ExtendedThread.java:17)
at org.tlauncher.util.async.ExtendedThread.<init>(ExtendedThread.java:21)
at org.tlauncher.util.async.RunnableThread.<init>(RunnableThread.java:7)
at org.tlauncher.util.async.AsyncThread$1.newThread(AsyncThread.java:12)
at java.util.concurrent.ThreadPoolExecutor$Worker.<init>(ThreadPoolExecutor.java:619)
at java.util.concurrent.ThreadPoolExecutor.addWorker(ThreadPoolExecutor.java:932)
at java.util.concurrent.ThreadPoolExecutor.execute(ThreadPoolExecutor.java:1378)
at org.tlauncher.util.async.AsyncThread.execute(AsyncThread.java:17)
at org.tlauncher.tlauncher.component.RefreshableComponent.asyncRefresh(RefreshableComponent.java:22)
at org.tlauncher.tlauncher.rmo.TLauncher.<init>(TLauncher.java:176)
at org.tlauncher.tlauncher.rmo.TLauncher$$FastClassByGuice$$7106277c.newInstance(<generated>)
at com.google.inject.internal.DefaultConstructionProxyFactory$FastClassProxy.newInstance(DefaultConstructionProxyFactory.java:89)
at com.google.inject.internal.ConstructorInjector.provision(ConstructorInjector.java:111)
at com.google.inject.internal.ConstructorInjector.construct(ConstructorInjector.java:90)
at com.google.inject.internal.ConstructorBindingImpl$Factory.get(ConstructorBindingImpl.java:268)
at com.google.inject.internal.InjectorImpl$2$1.call(InjectorImpl.java:1019)
at com.google.inject.internal.InjectorImpl.callInContext(InjectorImpl.java:1092)
at com.google.inject.internal.InjectorImpl$2.get(InjectorImpl.java:1015)
at com.google.inject.assistedinject.FactoryProvider2.invoke(FactoryProvider2.java:776)
at com.sun.proxy.$Proxy9.create(Unknown Source)
at org.tlauncher.util.guice.GuiceModule.getTlauncher(GuiceModule.java:127)
at org.tlauncher.util.guice.GuiceModule$$FastClassByGuice$$58e5bf0.invoke(<generated>)
... and 14 more

local server started
[REPO][ADD_HOT_SERVERS_REPO] Attempt #1; timeout: 20000 ms; url: http://repo.tlauncher.org/update/lch/additional_hot_servers-1.0.json
[REPO][HOT_SERVERS_REPO] Attempt #1; timeout: 20000 ms; url: http://repo.tlauncher.org/update/lch/servers/hot_servers-1.0.json
[REPO][ADD_HOT_SERVERS_REPO] Success: Reached the repo in 49 ms.
[REPO][HOT_SERVERS_REPO] Success: Reached the repo in 41 ms.
[Double running] clear time label
Good bye!
[Double running] clear time label
[TLauncherManager] before clearLibrary 
[TLauncherManager] written:  []
[TLauncherManager] after clearLibrary 
flush now
