[Loading] INITIALIZING
Starting TLauncher 2.83 RELEASE
For more information, visit https://tlauncher.org/
Startup time: dic 6, 2021 6:34:06 p.m.
Running folder C:\Users\servidor\AppData\Roaming\.minecraft
---
[Loading] LOADING_CONFIGURATION
Machine info: -------------------------------------------------------
Windows 10 10.0, Java 1.8.0_281, jvm bit x64, 8191 MB RAM
java path=C:\Users\servidor\AppData\Roaming\.tlauncher\jvms\jre1.8.0_281\bin\javaw.exe
AMD Phenom(tm) II X2 560 Processor
 AMD Radeon HD 5450, AMD Radeon Graphics Processor (0x68F9), 5874 MB
-------------------------------------------------------
Selected locale: es_ES
[Loading] LOADING_CONSOLE
[Downloader2] Loaded configuration: good
[Updater] Requesting an update...
[Updater] Requesting from: http://repo.tlauncher.org/update/lch/update_2.0.json
[Updater] Making request: http://repo.tlauncher.org/update/lch/update_2.0.json?version=2.83&client=2521bb4f-2bad-4a67-be3e-4688d97bb07f
[Updater] Request time: 118 ms
[Updater] Successfully requested from: http://repo.tlauncher.org/update/lch/update_2.0.json
[Browser] Loading resources...
[Browser] Loading background...
[Browser] Cleaning up after loading:
Starting garbage collector: 43 / 109 MB
Garbage collector completed: 17 / 147 MB
[Loading] LOADING_MANAGERS
[LocalVersionList] Base directory: C:\Users\servidor\AppData\Roaming\.minecraft
[ProfileManager] Refreshing profiles from: C:\Users\servidor\AppData\Roaming\.minecraft\TlauncherProfiles.json
[GsonUtil]  request to http://repo.tlauncher.org/update/downloads/libraries/org/tlauncher/authlib/libraries-1.7.json
[AdvertisingStatusObserver]  started to get ad information
[AdvertisingStatusObserver]  finished to get add information
save profiles
[Loading] LOADING_WINDOW
[REPO][SERVER_LIST_REPO] Success: Reached the repo in 60 ms.
[Swing] Favicons loaded: 256px, 128px, 96px, 64px, 48px, 32px, 24px, 16px
[Loading] PREPARING_MAINPANE
[JFXStartPageLoader]  start load page: https://page.tlauncher.org/update/downloads/configs/client/index_es.htm
[Browser] Running in JavaFX Thread
[Browser] Preparing JavaFX...
[Browser] Initializing...
[JFXStartPageLoader]  succeeded load page: https://page.tlauncher.org/update/downloads/configs/client/index_es.htm during 1
[Browser@203844223] Loaded successfully: "https://page.tlauncher.org/update/downloads/configs/client/index_es.htm"
[Browser] add listens into server_choose
[Browser] finished listens into server_choose
[Downloader2] Loaded configuration: good
[Loading] POSTINIT_GUI
[Frame] Packing main frame...
[Frame] Resizing main pane...
Updater is already closed. Showing up...
Visibility set.
[Loading] REFRESHING_INFO
Started! (7941 ms.)
[Loading] SUCCESS
[TLauncher] show tlauncher!!!
[VersionManager] Refreshing versions remotely...
[REPO][EXTRA_VERSION_REPO] Attempt #1; timeout: 20000 ms; url: http://repo.tlauncher.org/update/downloads/versions/new4/
[REPO][EXTRA_VERSION_REPO] Success: Reached the repo in 212 ms.
saved account Account{displayName=iFrozeadoo, userid=iFrozeadoo, uuid=c4150ac3dea747a2be6fdf53c0bb5f80, username=iFrozeadoo}
save profiles
[REPO][SKIN_VERSION_REPO] Attempt #1; timeout: 20000 ms; url: http://repo.tlauncher.org/update/downloads/versions/new4/skin/versions/
[REPO][EXTRA_VERSION_REPO] Attempt #1; timeout: 20000 ms; url: http://repo.tlauncher.org/update/downloads/versions/new4/
[REPO][OFFICIAL_VERSION_REPO] Attempt #1; timeout: 20000 ms; url: https://launchermeta.mojang.com/mc/game/
[REPO][SKIN_VERSION_REPO] Success: Reached the repo in 47 ms.
[SkinVersionList] Got in 79 ms
[REPO][EXTRA_VERSION_REPO] Success: Reached the repo in 93 ms.
[ExtraVersionList] Got in 222 ms
[REPO][OFFICIAL_VERSION_REPO] Success: Reached the repo in 697 ms.
[OfficialVersionList] Got in 888 ms
[VersionManager] Versions has been refreshed (986 ms)
Good bye!
[Double running] clear time label
[TLauncherManager] before clearLibrary 
[TLauncherManager] written:  []
[TLauncherManager] after clearLibrary 
flush now
